#
# There is insufficient memory for the Java Runtime Environment to continue.
# Native memory allocation (mmap) failed to map 406323200 bytes for committing reserved memory.
# Possible reasons:
#   The system is out of physical RAM or swap space
#   In 32 bit mode, the process size limit was hit
# Possible solutions:
#   Reduce memory load on the system
#   Increase physical memory or swap space
#   Check if swap backing store is full
#   Use 64 bit Java on a 64 bit OS
#   Decrease Java heap size (-Xmx/-Xms)
#   Decrease number of Java threads
#   Decrease Java thread stack sizes (-Xss)
#   Set larger code cache with -XX:ReservedCodeCacheSize=
# This output file may be truncated or incomplete.
#
#  Out of Memory Error (os_linux.cpp:2640), pid=5234, tid=0x00007f137502b700
#
# JRE version: Java(TM) SE Runtime Environment (8.0_181-b13) (build 1.8.0_181-b13)
# Java VM: Java HotSpot(TM) 64-Bit Server VM (25.181-b13 mixed mode linux-amd64 compressed oops)
# Failed to write core dump. Core dumps have been disabled. To enable core dumping, try "ulimit -c unlimited" before starting Java again
#

---------------  T H R E A D  ---------------

Current thread (0x00007f13881ce800):  VMThread [stack: 0x00007f1374f2c000,0x00007f137502c000] [id=5255]

Stack: [0x00007f1374f2c000,0x00007f137502c000],  sp=0x00007f137502a1a0,  free space=1016k
Native frames: (J=compiled Java code, j=interpreted, Vv=VM code, C=native code)
V  [libjvm.so+0xad21aa]  VMError::report_and_die()+0x2ba
V  [libjvm.so+0x5022db]  report_vm_out_of_memory(char const*, int, unsigned long, VMErrorType, char const*)+0x8b
V  [libjvm.so+0x92fe33]  os::Linux::commit_memory_impl(char*, unsigned long, bool)+0x123
V  [libjvm.so+0x930059]  os::pd_commit_memory(char*, unsigned long, unsigned long, bool)+0x29
V  [libjvm.so+0x9272ba]  os::commit_memory(char*, unsigned long, unsigned long, bool)+0x2a
V  [libjvm.so+0x99d2e3]  PSVirtualSpace::expand_by(unsigned long)+0x53
V  [libjvm.so+0x99e6e8]  PSYoungGen::resize_generation(unsigned long, unsigned long)+0xf8
V  [libjvm.so+0x99d842]  PSYoungGen::resize(unsigned long, unsigned long)+0x22
V  [libjvm.so+0x99ab1b]  PSScavenge::invoke_no_policy()+0xf3b
V  [libjvm.so+0x995dc5]  PSParallelCompact::invoke(bool)+0x85
V  [libjvm.so+0x488e34]  CollectedHeap::collect_as_vm_thread(GCCause::Cause)+0x114
V  [libjvm.so+0xad3631]  VM_CollectForMetadataAllocation::doit()+0x161
V  [libjvm.so+0xadb745]  VM_Operation::evaluate()+0x55
V  [libjvm.so+0xad9b0a]  VMThread::evaluate_operation(VM_Operation*)+0xba
V  [libjvm.so+0xad9e8e]  VMThread::loop()+0x1ce
V  [libjvm.so+0xada300]  VMThread::run()+0x70
V  [libjvm.so+0x930198]  java_start(Thread*)+0x108

VM_Operation (0x00007f12dfffba70): CollectForMetadataAllocation, mode: safepoint, requested by thread 0x00007f138966e800


---------------  P R O C E S S  ---------------

Java Threads: ( => current thread )
  0x00007f1318004800 JavaThread "RMI TCP Connection(5)-127.0.0.1" daemon [_thread_in_native, id=5361, stack(0x00007f12dedee000,0x00007f12deeef000)]
  0x00007f1318003000 JavaThread "RMI TCP Connection(idle)" daemon [_thread_blocked, id=5353, stack(0x00007f12deeef000,0x00007f12deff0000)]
  0x00007f1310003000 JavaThread "RMI TCP Connection(3)-127.0.0.1" daemon [_thread_in_native, id=5351, stack(0x00007f12df0f1000,0x00007f12df1f2000)]
  0x00007f1388011000 JavaThread "DestroyJavaVM" [_thread_blocked, id=5236, stack(0x00007f138f822000,0x00007f138f922000)]
  0x00007f13896b9000 JavaThread "http-nio-8070-AsyncTimeout" daemon [_thread_blocked, id=5348, stack(0x00007f12df1f2000,0x00007f12df2f3000)]
  0x00007f13896b7800 JavaThread "http-nio-8070-Acceptor-0" daemon [_thread_in_native, id=5346, stack(0x00007f12df2f3000,0x00007f12df3f4000)]
  0x00007f13896b5000 JavaThread "http-nio-8070-ClientPoller-1" daemon [_thread_in_native, id=5345, stack(0x00007f12df3f4000,0x00007f12df4f5000)]
  0x00007f138969b000 JavaThread "http-nio-8070-ClientPoller-0" daemon [_thread_in_native, id=5344, stack(0x00007f12df4f5000,0x00007f12df5f6000)]
  0x00007f138967f000 JavaThread "http-nio-8070-exec-10" daemon [_thread_blocked, id=5343, stack(0x00007f12df5f6000,0x00007f12df6f7000)]
  0x00007f138967d000 JavaThread "http-nio-8070-exec-9" daemon [_thread_blocked, id=5342, stack(0x00007f12df6f7000,0x00007f12df7f8000)]
  0x00007f138967b000 JavaThread "http-nio-8070-exec-8" daemon [_thread_blocked, id=5341, stack(0x00007f12df7f8000,0x00007f12df8f9000)]
  0x00007f1389679000 JavaThread "http-nio-8070-exec-7" daemon [_thread_blocked, id=5340, stack(0x00007f12df8f9000,0x00007f12df9fa000)]
  0x00007f1389677000 JavaThread "http-nio-8070-exec-6" daemon [_thread_blocked, id=5334, stack(0x00007f12df9fa000,0x00007f12dfafb000)]
  0x00007f1389675800 JavaThread "http-nio-8070-exec-5" daemon [_thread_blocked, id=5333, stack(0x00007f12dfafb000,0x00007f12dfbfc000)]
  0x00007f1389673800 JavaThread "http-nio-8070-exec-4" daemon [_thread_blocked, id=5332, stack(0x00007f12dfbfc000,0x00007f12dfcfd000)]
  0x00007f1389672000 JavaThread "http-nio-8070-exec-3" daemon [_thread_blocked, id=5331, stack(0x00007f12dfcfd000,0x00007f12dfdfe000)]
  0x00007f1389670000 JavaThread "http-nio-8070-exec-2" daemon [_thread_blocked, id=5330, stack(0x00007f12dfdfe000,0x00007f12dfeff000)]
  0x00007f138966e800 JavaThread "http-nio-8070-exec-1" daemon [_thread_blocked, id=5329, stack(0x00007f12dfeff000,0x00007f12e0000000)]
  0x00007f138966d800 JavaThread "NioBlockingSelector.BlockPoller-1" daemon [_thread_in_native, id=5328, stack(0x00007f131d4d6000,0x00007f131d5d7000)]
  0x00007f1388f01000 JavaThread "Druid-ConnectionPool-Destroy-227381657" daemon [_thread_blocked, id=5317, stack(0x00007f131d7d7000,0x00007f131d8d8000)]
  0x00007f1388f00000 JavaThread "Druid-ConnectionPool-Create-227381657" daemon [_thread_blocked, id=5316, stack(0x00007f131d8d8000,0x00007f131d9d9000)]
  0x00007f1388e8d000 JavaThread "Abandoned connection cleanup thread" daemon [_thread_blocked, id=5306, stack(0x00007f131dbd9000,0x00007f131dcda000)]
  0x00007f1388e25800 JavaThread "container-0" [_thread_blocked, id=5303, stack(0x00007f131dcda000,0x00007f131dddb000)]
  0x00007f1388e20000 JavaThread "ContainerBackgroundProcessor[StandardEngine[Tomcat]]" daemon [_thread_blocked, id=5302, stack(0x00007f131dddb000,0x00007f131dedc000)]
  0x00007f1318001000 JavaThread "RMI TCP Connection(idle)" daemon [_thread_blocked, id=5285, stack(0x00007f131f3dd000,0x00007f131f4de000)]
  0x00007f130000b000 JavaThread "RMI Scheduler(0)" daemon [_thread_blocked, id=5283, stack(0x00007f131f4de000,0x00007f131f5df000)]
  0x00007f1310001800 JavaThread "RMI TCP Connection(1)-127.0.0.1" daemon [_thread_in_native, id=5282, stack(0x00007f131f5df000,0x00007f131f6e0000)]
  0x00007f1388743000 JavaThread "RMI TCP Accept-0" daemon [_thread_in_native, id=5277, stack(0x00007f131fae2000,0x00007f131fbe3000)]
  0x00007f1388716000 JavaThread "RMI TCP Accept-35541" daemon [_thread_in_native, id=5275, stack(0x00007f131fbe3000,0x00007f131fce4000)]
  0x00007f13886ff800 JavaThread "RMI TCP Accept-0" daemon [_thread_in_native, id=5274, stack(0x00007f131fce4000,0x00007f131fde5000)]
  0x00007f138862e800 JavaThread "Service Thread" daemon [_thread_blocked, id=5273, stack(0x00007f135c6b0000,0x00007f135c7b1000)]
  0x00007f138862b800 JavaThread "C1 CompilerThread3" daemon [_thread_blocked, id=5272, stack(0x00007f135c7b2000,0x00007f135c8b2000)]
  0x00007f1388629800 JavaThread "C2 CompilerThread2" daemon [_thread_blocked, id=5271, stack(0x00007f135c8b3000,0x00007f135c9b3000)]
  0x00007f1388627800 JavaThread "C2 CompilerThread1" daemon [_thread_blocked, id=5270, stack(0x00007f135fbcc000,0x00007f135fccc000)]
  0x00007f1388625800 JavaThread "C2 CompilerThread0" daemon [_thread_blocked, id=5269, stack(0x00007f135fccd000,0x00007f135fdcd000)]
  0x00007f1388623800 JavaThread "Monitor Ctrl-Break" daemon [_thread_in_native, id=5268, stack(0x00007f135fdcd000,0x00007f135fece000)]
  0x00007f138820d800 JavaThread "Signal Dispatcher" daemon [_thread_blocked, id=5264, stack(0x00007f13741e5000,0x00007f13742e6000)]
  0x00007f13881da800 JavaThread "Finalizer" daemon [_thread_blocked, id=5259, stack(0x00007f1374d29000,0x00007f1374e2a000)]
  0x00007f13881d8000 JavaThread "Reference Handler" daemon [_thread_blocked, id=5257, stack(0x00007f1374e2a000,0x00007f1374f2b000)]

Other Threads:
=>0x00007f13881ce800 VMThread [stack: 0x00007f1374f2c000,0x00007f137502c000] [id=5255]
  0x00007f1388747800 WatcherThread [stack: 0x00007f131f9e2000,0x00007f131fae2000] [id=5278]

VM state:at safepoint (normal execution)

VM Mutex/Monitor currently owned by a thread:  ([mutex/lock_event])
[0x00007f138800d680] Threads_lock - owner thread: 0x00007f13881ce800
[0x00007f138800db80] Heap_lock - owner thread: 0x00007f138966e800

Heap:
 PSYoungGen      total 937472K, used 15012K [0x000000076ca00000, 0x00000007a7c80000, 0x00000007c0000000)
  eden space 909312K, 0% used [0x000000076ca00000,0x000000076ca00000,0x00000007a4200000)
  from space 28160K, 53% used [0x00000007a4580000,0x00000007a5429228,0x00000007a6100000)
  to   space 20992K, 0% used [0x00000007a6800000,0x00000007a6800000,0x00000007a7c80000)
 ParOldGen       total 110080K, used 32460K [0x00000006c5e00000, 0x00000006cc980000, 0x000000076ca00000)
  object space 110080K, 29% used [0x00000006c5e00000,0x00000006c7db32f8,0x00000006cc980000)
 Metaspace       used 58301K, capacity 60898K, committed 61000K, reserved 1101824K
  class space    used 7773K, capacity 8220K, committed 8320K, reserved 1048576K

Card table byte_map: [0x00007f137882e000,0x00007f1379000000] byte_map_base: 0x00007f13751ff000

Marking Bits: (ParMarkBitMap*) 0x00007f138ecd90a0
 Begin Bits: [0x00007f13442f0000, 0x00007f1348178000)
 End Bits:   [0x00007f1348178000, 0x00007f134c000000)

Polling page: 0x00007f138f956000

CodeCache: size=245760Kb used=10967Kb max_used=10968Kb free=234792Kb
 bounds [0x00007f1379000000, 0x00007f1379ad0000, 0x00007f1388000000]
 total_blobs=5962 nmethods=5385 adapters=489
 compilation: enabled

Compilation events (10 events):
Event: 28.822 Thread 0x00007f138862b800 nmethod 5461 0x00007f137940d1d0 code [0x00007f137940d340, 0x00007f137940d488]
Event: 28.822 Thread 0x00007f138862b800 5462       1       java.util.concurrent.CopyOnWriteArrayList::toArray (12 bytes)
Event: 28.822 Thread 0x00007f138862b800 nmethod 5462 0x00007f137940ce50 code [0x00007f137940cfc0, 0x00007f137940d108]
Event: 28.822 Thread 0x00007f138862b800 5464   !   1       org.apache.catalina.connector.Request::notifyAttributeAssigned (207 bytes)
Event: 28.823 Thread 0x00007f138862b800 nmethod 5464 0x00007f13795d6c90 code [0x00007f13795d6f00, 0x00007f13795d7878]
Event: 28.824 Thread 0x00007f138862b800 5465   !   1       java.lang.ClassLoader::getPackage (118 bytes)
Event: 28.824 Thread 0x00007f138862b800 nmethod 5465 0x00007f13794d72d0 code [0x00007f13794d7480, 0x00007f13794d7a88]
Event: 28.827 Thread 0x00007f138862b800 5466       1       com.fasterxml.jackson.databind.type.TypeFactory::_fromAny (284 bytes)
Event: 28.828 Thread 0x00007f138862b800 nmethod 5466 0x00007f1379abee10 code [0x00007f1379abf140, 0x00007f1379ac02e8]
Event: 28.828 Thread 0x00007f138862b800 5467       1       com.fasterxml.jackson.datatype.jdk8.Jdk8TypeModifier::modifyType (108 bytes)

GC Heap History (10 events):
Event: 0.949 GC heap after
Heap after GC invocations=6 (full 1):
 PSYoungGen      total 268800K, used 0K [0x000000076ca00000, 0x000000078d600000, 0x00000007c0000000)
  eden space 258048K, 0% used [0x000000076ca00000,0x000000076ca00000,0x000000077c600000)
  from space 10752K, 0% used [0x000000077c600000,0x000000077c600000,0x000000077d080000)
  to   space 10240K, 0% used [0x000000078cc00000,0x000000078cc00000,0x000000078d600000)
 ParOldGen       total 75264K, used 5159K [0x00000006c5e00000, 0x00000006ca780000, 0x000000076ca00000)
  object space 75264K, 6% used [0x00000006c5e00000,0x00000006c6309c20,0x00000006ca780000)
 Metaspace       used 21204K, capacity 21848K, committed 21960K, reserved 1069056K
  class space    used 2836K, capacity 3030K, committed 3072K, reserved 1048576K
}
Event: 1.806 GC heap before
{Heap before GC invocations=7 (full 1):
 PSYoungGen      total 268800K, used 258048K [0x000000076ca00000, 0x000000078d600000, 0x00000007c0000000)
  eden space 258048K, 100% used [0x000000076ca00000,0x000000077c600000,0x000000077c600000)
  from space 10752K, 0% used [0x000000077c600000,0x000000077c600000,0x000000077d080000)
  to   space 10240K, 0% used [0x000000078cc00000,0x000000078cc00000,0x000000078d600000)
 ParOldGen       total 75264K, used 5159K [0x00000006c5e00000, 0x00000006ca780000, 0x000000076ca00000)
  object space 75264K, 6% used [0x00000006c5e00000,0x00000006c6309c20,0x00000006ca780000)
 Metaspace       used 31261K, capacity 32864K, committed 32968K, reserved 1077248K
  class space    used 4291K, capacity 4602K, committed 4608K, reserved 1048576K
Event: 1.828 GC heap after
Heap after GC invocations=7 (full 1):
 PSYoungGen      total 502272K, used 10222K [0x000000076ca00000, 0x000000078d600000, 0x00000007c0000000)
  eden space 492032K, 0% used [0x000000076ca00000,0x000000076ca00000,0x000000078aa80000)
  from space 10240K, 99% used [0x000000078cc00000,0x000000078d5fbb40,0x000000078d600000)
  to   space 18944K, 0% used [0x000000078b100000,0x000000078b100000,0x000000078c380000)
 ParOldGen       total 75264K, used 17852K [0x00000006c5e00000, 0x00000006ca780000, 0x000000076ca00000)
  object space 75264K, 23% used [0x00000006c5e00000,0x00000006c6f6f0c8,0x00000006ca780000)
 Metaspace       used 31261K, capacity 32864K, committed 32968K, reserved 1077248K
  class space    used 4291K, capacity 4602K, committed 4608K, reserved 1048576K
}
Event: 2.151 GC heap before
{Heap before GC invocations=8 (full 1):
 PSYoungGen      total 502272K, used 134026K [0x000000076ca00000, 0x000000078d600000, 0x00000007c0000000)
  eden space 492032K, 25% used [0x000000076ca00000,0x00000007742e6fd0,0x000000078aa80000)
  from space 10240K, 99% used [0x000000078cc00000,0x000000078d5fbb40,0x000000078d600000)
  to   space 18944K, 0% used [0x000000078b100000,0x000000078b100000,0x000000078c380000)
 ParOldGen       total 75264K, used 17852K [0x00000006c5e00000, 0x00000006ca780000, 0x000000076ca00000)
  object space 75264K, 23% used [0x00000006c5e00000,0x00000006c6f6f0c8,0x00000006ca780000)
 Metaspace       used 34840K, capacity 36396K, committed 36600K, reserved 1081344K
  class space    used 4608K, capacity 4898K, committed 4992K, reserved 1048576K
Event: 2.163 GC heap after
Heap after GC invocations=8 (full 1):
 PSYoungGen      total 517632K, used 16221K [0x000000076ca00000, 0x00000007a7c80000, 0x00000007c0000000)
  eden space 498688K, 0% used [0x000000076ca00000,0x000000076ca00000,0x000000078b100000)
  from space 18944K, 85% used [0x000000078b100000,0x000000078c0d74c0,0x000000078c380000)
  to   space 20992K, 0% used [0x00000007a6800000,0x00000007a6800000,0x00000007a7c80000)
 ParOldGen       total 75264K, used 17860K [0x00000006c5e00000, 0x00000006ca780000, 0x000000076ca00000)
  object space 75264K, 23% used [0x00000006c5e00000,0x00000006c6f710c8,0x00000006ca780000)
 Metaspace       used 34840K, capacity 36396K, committed 36600K, reserved 1081344K
  class space    used 4608K, capacity 4898K, committed 4992K, reserved 1048576K
}
Event: 2.163 GC heap before
{Heap before GC invocations=9 (full 2):
 PSYoungGen      total 517632K, used 16221K [0x000000076ca00000, 0x00000007a7c80000, 0x00000007c0000000)
  eden space 498688K, 0% used [0x000000076ca00000,0x000000076ca00000,0x000000078b100000)
  from space 18944K, 85% used [0x000000078b100000,0x000000078c0d74c0,0x000000078c380000)
  to   space 20992K, 0% used [0x00000007a6800000,0x00000007a6800000,0x00000007a7c80000)
 ParOldGen       total 75264K, used 17860K [0x00000006c5e00000, 0x00000006ca780000, 0x000000076ca00000)
  object space 75264K, 23% used [0x00000006c5e00000,0x00000006c6f710c8,0x00000006ca780000)
 Metaspace       used 34840K, capacity 36396K, committed 36600K, reserved 1081344K
  class space    used 4608K, capacity 4898K, committed 4992K, reserved 1048576K
Event: 2.208 GC heap after
Heap after GC invocations=9 (full 2):
 PSYoungGen      total 517632K, used 0K [0x000000076ca00000, 0x00000007a7c80000, 0x00000007c0000000)
  eden space 498688K, 0% used [0x000000076ca00000,0x000000076ca00000,0x000000078b100000)
  from space 18944K, 0% used [0x000000078b100000,0x000000078b100000,0x000000078c380000)
  to   space 20992K, 0% used [0x00000007a6800000,0x00000007a6800000,0x00000007a7c80000)
 ParOldGen       total 110080K, used 23822K [0x00000006c5e00000, 0x00000006cc980000, 0x000000076ca00000)
  object space 110080K, 21% used [0x00000006c5e00000,0x00000006c7543a80,0x00000006cc980000)
 Metaspace       used 34840K, capacity 36396K, committed 36600K, reserved 1081344K
  class space    used 4608K, capacity 4898K, committed 4992K, reserved 1048576K
}
Event: 28.383 GC heap before
{Heap before GC invocations=10 (full 2):
 PSYoungGen      total 517632K, used 498688K [0x000000076ca00000, 0x00000007a7c80000, 0x00000007c0000000)
  eden space 498688K, 100% used [0x000000076ca00000,0x000000078b100000,0x000000078b100000)
  from space 18944K, 0% used [0x000000078b100000,0x000000078b100000,0x000000078c380000)
  to   space 20992K, 0% used [0x00000007a6800000,0x00000007a6800000,0x00000007a7c80000)
 ParOldGen       total 110080K, used 23822K [0x00000006c5e00000, 0x00000006cc980000, 0x000000076ca00000)
  object space 110080K, 21% used [0x00000006c5e00000,0x00000006c7543a80,0x00000006cc980000)
 Metaspace       used 57433K, capacity 60008K, committed 60360K, reserved 1101824K
  class space    used 7669K, capacity 8109K, committed 8192K, reserved 1048576K
Event: 28.495 GC heap after
Heap after GC invocations=10 (full 2):
 PSYoungGen      total 930304K, used 20967K [0x000000076ca00000, 0x00000007a7c80000, 0x00000007c0000000)
  eden space 909312K, 0% used [0x000000076ca00000,0x000000076ca00000,0x00000007a4200000)
  from space 20992K, 99% used [0x00000007a6800000,0x00000007a7c79ec8,0x00000007a7c80000)
  to   space 28160K, 0% used [0x00000007a4580000,0x00000007a4580000,0x00000007a6100000)
 ParOldGen       total 110080K, used 32452K [0x00000006c5e00000, 0x00000006cc980000, 0x000000076ca00000)
  object space 110080K, 29% used [0x00000006c5e00000,0x00000006c7db12f8,0x00000006cc980000)
 Metaspace       used 57433K, capacity 60008K, committed 60360K, reserved 1101824K
  class space    used 7669K, capacity 8109K, committed 8192K, reserved 1048576K
}
Event: 28.828 GC heap before
{Heap before GC invocations=11 (full 2):
 PSYoungGen      total 930304K, used 60024K [0x000000076ca00000, 0x00000007a7c80000, 0x00000007c0000000)
  eden space 909312K, 4% used [0x000000076ca00000,0x000000076f0242f0,0x00000007a4200000)
  from space 20992K, 99% used [0x00000007a6800000,0x00000007a7c79ec8,0x00000007a7c80000)
  to   space 28160K, 0% used [0x00000007a4580000,0x00000007a4580000,0x00000007a6100000)
 ParOldGen       total 110080K, used 32452K [0x00000006c5e00000, 0x00000006cc980000, 0x000000076ca00000)
  object space 110080K, 29% used [0x00000006c5e00000,0x00000006c7db12f8,0x00000006cc980000)
 Metaspace       used 58301K, capacity 60898K, committed 61000K, reserved 1101824K
  class space    used 7773K, capacity 8220K, committed 8320K, reserved 1048576K

Deoptimization events (0 events):
No events

Classes redefined (0 events):
No events

Internal exceptions (10 events):
Event: 28.337 Thread 0x00007f138966e800 Exception <a 'java/lang/ClassNotFoundException': org/springframework/web/servlet/view/DefaultRequestToViewNameTranslatorCustomizer> (0x000000078a43eb48) thrown at [/HUDSON/workspace/8-2-build-linux-amd64/jdk8u181/11358/hotspot/src/share/vm/classfile/syste
Event: 28.338 Thread 0x00007f138966e800 Exception <a 'java/lang/ClassNotFoundException': org/springframework/web/servlet/RequestToViewNameTranslatorCustomizer> (0x000000078a46e030) thrown at [/HUDSON/workspace/8-2-build-linux-amd64/jdk8u181/11358/hotspot/src/share/vm/classfile/systemDictionary.
Event: 28.340 Thread 0x00007f138966e800 Exception <a 'java/lang/ClassNotFoundException': java/lang/ObjectCustomizer> (0x000000078a4b3680) thrown at [/HUDSON/workspace/8-2-build-linux-amd64/jdk8u181/11358/hotspot/src/share/vm/classfile/systemDictionary.cpp, line 210]
Event: 28.340 Thread 0x00007f138966e800 Exception <a 'java/lang/ClassNotFoundException': org/springframework/web/servlet/support/AbstractFlashMapManagerCustomizer> (0x000000078a4d5738) thrown at [/HUDSON/workspace/8-2-build-linux-amd64/jdk8u181/11358/hotspot/src/share/vm/classfile/systemDiction
Event: 28.341 Thread 0x00007f138966e800 Exception <a 'java/lang/ClassNotFoundException': org/springframework/web/servlet/support/SessionFlashMapManagerCustomizer> (0x000000078a4fb750) thrown at [/HUDSON/workspace/8-2-build-linux-amd64/jdk8u181/11358/hotspot/src/share/vm/classfile/systemDictiona
Event: 28.341 Thread 0x00007f138966e800 Exception <a 'java/lang/ClassNotFoundException': org/springframework/web/servlet/FlashMapManagerCustomizer> (0x000000078a518388) thrown at [/HUDSON/workspace/8-2-build-linux-amd64/jdk8u181/11358/hotspot/src/share/vm/classfile/systemDictionary.cpp, line 21
Event: 28.772 Thread 0x00007f138967f000 Exception <a 'java/lang/ArrayIndexOutOfBoundsException'> (0x000000076ea119b0) thrown at [/HUDSON/workspace/8-2-build-linux-amd64/jdk8u181/11358/hotspot/src/share/vm/runtime/sharedRuntime.cpp, line 605]
Event: 28.822 Thread 0x00007f138966e800 Exception <a 'java/lang/ArrayIndexOutOfBoundsException'> (0x000000076ee399b0) thrown at [/HUDSON/workspace/8-2-build-linux-amd64/jdk8u181/11358/hotspot/src/share/vm/runtime/sharedRuntime.cpp, line 605]
Event: 28.824 Thread 0x00007f138966e800 Exception <a 'java/lang/ArrayIndexOutOfBoundsException'> (0x000000076ee42bd8) thrown at [/HUDSON/workspace/8-2-build-linux-amd64/jdk8u181/11358/hotspot/src/share/vm/runtime/sharedRuntime.cpp, line 605]
Event: 28.824 Thread 0x00007f138966e800 Exception <a 'java/lang/ArrayIndexOutOfBoundsException'> (0x000000076ee4ada8) thrown at [/HUDSON/workspace/8-2-build-linux-amd64/jdk8u181/11358/hotspot/src/share/vm/runtime/sharedRuntime.cpp, line 605]

Events (10 events):
Event: 28.824 loading class com/fasterxml/jackson/databind/type/ResolvedRecursiveType done
Event: 28.826 loading class com/fasterxml/jackson/databind/type/CollectionType
Event: 28.826 loading class com/fasterxml/jackson/databind/type/CollectionType done
Event: 28.827 loading class com/fasterxml/jackson/databind/type/CollectionLikeType
Event: 28.827 loading class com/fasterxml/jackson/databind/type/CollectionLikeType done
Event: 28.828 loading class com/fasterxml/jackson/databind/ser/impl/IndexedListSerializer
Event: 28.828 loading class com/fasterxml/jackson/databind/ser/impl/IndexedListSerializer done
Event: 28.828 loading class com/fasterxml/jackson/databind/ser/std/AsArraySerializerBase
Event: 28.828 loading class com/fasterxml/jackson/databind/ser/std/AsArraySerializerBase done
Event: 28.828 Executing VM operation: CollectForMetadataAllocation


Dynamic libraries:
00400000-00401000 r-xp 00000000 08:02 5902675                            /usr/lib/jvm/java-8-oracle/bin/java
00600000-00601000 rw-p 00000000 08:02 5902675                            /usr/lib/jvm/java-8-oracle/bin/java
00d10000-00d31000 rw-p 00000000 00:00 0                                  [heap]
6c5e00000-6cc980000 rw-p 00000000 00:00 0 
6cc980000-76ca00000 ---p 00000000 00:00 0 
76ca00000-7a7c80000 rw-p 00000000 00:00 0 
7c0000000-7c0820000 rw-p 00000000 00:00 0 
7c0820000-800000000 ---p 00000000 00:00 0 
7f1290000000-7f1290021000 rw-p 00000000 00:00 0 
7f1290021000-7f1294000000 ---p 00000000 00:00 0 
7f1298000000-7f1298021000 rw-p 00000000 00:00 0 
7f1298021000-7f129c000000 ---p 00000000 00:00 0 
7f129c000000-7f129c021000 rw-p 00000000 00:00 0 
7f129c021000-7f12a0000000 ---p 00000000 00:00 0 
7f12a0000000-7f12a0021000 rw-p 00000000 00:00 0 
7f12a0021000-7f12a4000000 ---p 00000000 00:00 0 
7f12a4000000-7f12a4021000 rw-p 00000000 00:00 0 
7f12a4021000-7f12a8000000 ---p 00000000 00:00 0 
7f12a8000000-7f12a8021000 rw-p 00000000 00:00 0 
7f12a8021000-7f12ac000000 ---p 00000000 00:00 0 
7f12ac000000-7f12ac021000 rw-p 00000000 00:00 0 
7f12ac021000-7f12b0000000 ---p 00000000 00:00 0 
7f12b0000000-7f12b0041000 rw-p 00000000 00:00 0 
7f12b0041000-7f12b4000000 ---p 00000000 00:00 0 
7f12b4000000-7f12b4021000 rw-p 00000000 00:00 0 
7f12b4021000-7f12b8000000 ---p 00000000 00:00 0 
7f12b8000000-7f12b8021000 rw-p 00000000 00:00 0 
7f12b8021000-7f12bc000000 ---p 00000000 00:00 0 
7f12bc000000-7f12bc021000 rw-p 00000000 00:00 0 
7f12bc021000-7f12c0000000 ---p 00000000 00:00 0 
7f12c0000000-7f12c0021000 rw-p 00000000 00:00 0 
7f12c0021000-7f12c4000000 ---p 00000000 00:00 0 
7f12c4000000-7f12c4021000 rw-p 00000000 00:00 0 
7f12c4021000-7f12c8000000 ---p 00000000 00:00 0 
7f12c8000000-7f12c8021000 rw-p 00000000 00:00 0 
7f12c8021000-7f12cc000000 ---p 00000000 00:00 0 
7f12cc000000-7f12cc021000 rw-p 00000000 00:00 0 
7f12cc021000-7f12d0000000 ---p 00000000 00:00 0 
7f12d0000000-7f12d0021000 rw-p 00000000 00:00 0 
7f12d0021000-7f12d4000000 ---p 00000000 00:00 0 
7f12d4000000-7f12d4021000 rw-p 00000000 00:00 0 
7f12d4021000-7f12d8000000 ---p 00000000 00:00 0 
7f12d8000000-7f12d80a0000 rw-p 00000000 00:00 0 
7f12d80a0000-7f12dc000000 ---p 00000000 00:00 0 
7f12debee000-7f12ded6e000 rw-p 00000000 00:00 0 
7f12ded6e000-7f12dedee000 ---p 00000000 00:00 0 
7f12dedee000-7f12dedf1000 ---p 00000000 00:00 0 
7f12dedf1000-7f12deeef000 rw-p 00000000 00:00 0 
7f12deeef000-7f12deef2000 ---p 00000000 00:00 0 
7f12deef2000-7f12deff0000 rw-p 00000000 00:00 0 
7f12deff0000-7f12deff3000 ---p 00000000 00:00 0 
7f12deff3000-7f12df0f1000 rw-p 00000000 00:00 0 
7f12df0f1000-7f12df0f4000 ---p 00000000 00:00 0 
7f12df0f4000-7f12df1f2000 rw-p 00000000 00:00 0 
7f12df1f2000-7f12df1f5000 ---p 00000000 00:00 0 
7f12df1f5000-7f12df2f3000 rw-p 00000000 00:00 0 
7f12df2f3000-7f12df2f6000 ---p 00000000 00:00 0 
7f12df2f6000-7f12df3f4000 rw-p 00000000 00:00 0 
7f12df3f4000-7f12df3f7000 ---p 00000000 00:00 0 
7f12df3f7000-7f12df4f5000 rw-p 00000000 00:00 0 
7f12df4f5000-7f12df4f8000 ---p 00000000 00:00 0 
7f12df4f8000-7f12df5f6000 rw-p 00000000 00:00 0 
7f12df5f6000-7f12df5f9000 ---p 00000000 00:00 0 
7f12df5f9000-7f12df6f7000 rw-p 00000000 00:00 0 
7f12df6f7000-7f12df6fa000 ---p 00000000 00:00 0 
7f12df6fa000-7f12df7f8000 rw-p 00000000 00:00 0 
7f12df7f8000-7f12df7fb000 ---p 00000000 00:00 0 
7f12df7fb000-7f12df8f9000 rw-p 00000000 00:00 0 
7f12df8f9000-7f12df8fc000 ---p 00000000 00:00 0 
7f12df8fc000-7f12df9fa000 rw-p 00000000 00:00 0 
7f12df9fa000-7f12df9fd000 ---p 00000000 00:00 0 
7f12df9fd000-7f12dfafb000 rw-p 00000000 00:00 0 
7f12dfafb000-7f12dfafe000 ---p 00000000 00:00 0 
7f12dfafe000-7f12dfbfc000 rw-p 00000000 00:00 0 
7f12dfbfc000-7f12dfbff000 ---p 00000000 00:00 0 
7f12dfbff000-7f12dfcfd000 rw-p 00000000 00:00 0 
7f12dfcfd000-7f12dfd00000 ---p 00000000 00:00 0 
7f12dfd00000-7f12dfdfe000 rw-p 00000000 00:00 0 
7f12dfdfe000-7f12dfe01000 ---p 00000000 00:00 0 
7f12dfe01000-7f12dfeff000 rw-p 00000000 00:00 0 
7f12dfeff000-7f12dff02000 ---p 00000000 00:00 0 
7f12dff02000-7f12e0000000 rw-p 00000000 00:00 0 
7f12e0000000-7f12e0021000 rw-p 00000000 00:00 0 
7f12e0021000-7f12e4000000 ---p 00000000 00:00 0 
7f12e4000000-7f12e4021000 rw-p 00000000 00:00 0 
7f12e4021000-7f12e8000000 ---p 00000000 00:00 0 
7f12e8000000-7f12e8021000 rw-p 00000000 00:00 0 
7f12e8021000-7f12ec000000 ---p 00000000 00:00 0 
7f12ec000000-7f12ec021000 rw-p 00000000 00:00 0 
7f12ec021000-7f12f0000000 ---p 00000000 00:00 0 
7f12f0000000-7f12f0021000 rw-p 00000000 00:00 0 
7f12f0021000-7f12f4000000 ---p 00000000 00:00 0 
7f12f4000000-7f12f4021000 rw-p 00000000 00:00 0 
7f12f4021000-7f12f8000000 ---p 00000000 00:00 0 
7f12f8000000-7f12f8021000 rw-p 00000000 00:00 0 
7f12f8021000-7f12fc000000 ---p 00000000 00:00 0 
7f12fc000000-7f12fc2b8000 rw-p 00000000 00:00 0 
7f12fc2b8000-7f1300000000 ---p 00000000 00:00 0 
7f1300000000-7f1300021000 rw-p 00000000 00:00 0 
7f1300021000-7f1304000000 ---p 00000000 00:00 0 
7f1304000000-7f1304021000 rw-p 00000000 00:00 0 
7f1304021000-7f1308000000 ---p 00000000 00:00 0 
7f1308000000-7f1308021000 rw-p 00000000 00:00 0 
7f1308021000-7f130c000000 ---p 00000000 00:00 0 
7f130c000000-7f130c3bc000 rw-p 00000000 00:00 0 
7f130c3bc000-7f1310000000 ---p 00000000 00:00 0 
7f1310000000-7f1310021000 rw-p 00000000 00:00 0 
7f1310021000-7f1314000000 ---p 00000000 00:00 0 
7f1314000000-7f1314021000 rw-p 00000000 00:00 0 
7f1314021000-7f1318000000 ---p 00000000 00:00 0 
7f1318000000-7f1318021000 rw-p 00000000 00:00 0 
7f1318021000-7f131c000000 ---p 00000000 00:00 0 
7f131c077000-7f131c277000 rw-p 00000000 00:00 0 
7f131c277000-7f131c477000 rw-p 00000000 00:00 0 
7f131c477000-7f131c48e000 r-xp 00000000 08:02 7082808                    /lib/x86_64-linux-gnu/libgcc_s.so.1
7f131c48e000-7f131c68d000 ---p 00017000 08:02 7082808                    /lib/x86_64-linux-gnu/libgcc_s.so.1
7f131c68d000-7f131c68e000 r--p 00016000 08:02 7082808                    /lib/x86_64-linux-gnu/libgcc_s.so.1
7f131c68e000-7f131c68f000 rw-p 00017000 08:02 7082808                    /lib/x86_64-linux-gnu/libgcc_s.so.1
7f131c68f000-7f131c6c1000 r-xp 00000000 08:02 5908447                    /usr/lib/jvm/java-8-oracle/jre/lib/amd64/libsunec.so
7f131c6c1000-7f131c8c0000 ---p 00032000 08:02 5908447                    /usr/lib/jvm/java-8-oracle/jre/lib/amd64/libsunec.so
7f131c8c0000-7f131c8c6000 rw-p 00031000 08:02 5908447                    /usr/lib/jvm/java-8-oracle/jre/lib/amd64/libsunec.so
7f131c8c6000-7f131cad6000 rw-p 00000000 00:00 0 
7f131cad6000-7f131ccd6000 rw-p 00000000 00:00 0 
7f131ccd6000-7f131ced6000 rw-p 00000000 00:00 0 
7f131ced6000-7f131d0d6000 rw-p 00000000 00:00 0 
7f131d0d6000-7f131d2d6000 rw-p 00000000 00:00 0 
7f131d2d6000-7f131d4d6000 rw-p 00000000 00:00 0 
7f131d4d6000-7f131d4d9000 ---p 00000000 00:00 0 
7f131d4d9000-7f131d7d7000 rw-p 00000000 00:00 0 
7f131d7d7000-7f131d7da000 ---p 00000000 00:00 0 
7f131d7da000-7f131d8d8000 rw-p 00000000 00:00 0 
7f131d8d8000-7f131d8db000 ---p 00000000 00:00 0 
7f131d8db000-7f131dbd9000 rw-p 00000000 00:00 0 
7f131dbd9000-7f131dbdc000 ---p 00000000 00:00 0 
7f131dbdc000-7f131dcda000 rw-p 00000000 00:00 0 
7f131dcda000-7f131dcdd000 ---p 00000000 00:00 0 
7f131dcdd000-7f131dddb000 rw-p 00000000 00:00 0 
7f131dddb000-7f131ddde000 ---p 00000000 00:00 0 
7f131ddde000-7f131e0dc000 rw-p 00000000 00:00 0 
7f131e0dc000-7f131e2dc000 rw-p 00000000 00:00 0 
7f131e2dc000-7f131e4dc000 rw-p 00000000 00:00 0 
7f131e4dc000-7f131e6dc000 rw-p 00000000 00:00 0 
7f131e6dc000-7f131e8dc000 rw-p 00000000 00:00 0 
7f131e8dc000-7f131eace000 rw-p 00000000 00:00 0 
7f131eace000-7f131eadc000 ---p 00000000 00:00 0 
7f131eadc000-7f131ecdc000 rw-p 00000000 00:00 0 
7f131ecdc000-7f131eedc000 rw-p 00000000 00:00 0 
7f131eedc000-7f131f0dc000 rw-p 00000000 00:00 0 
7f131f0dc000-7f131f2dc000 rw-p 00000000 00:00 0 
7f131f2dc000-7f131f2df000 ---p 00000000 00:00 0 
7f131f2df000-7f131f3dd000 rw-p 00000000 00:00 0 
7f131f3dd000-7f131f3e0000 ---p 00000000 00:00 0 
7f131f3e0000-7f131f4de000 rw-p 00000000 00:00 0 
7f131f4de000-7f131f4e1000 ---p 00000000 00:00 0 
7f131f4e1000-7f131f5df000 rw-p 00000000 00:00 0 
7f131f5df000-7f131f5e2000 ---p 00000000 00:00 0 
7f131f5e2000-7f131f6e0000 rw-p 00000000 00:00 0 
7f131f6e0000-7f131f6e3000 ---p 00000000 00:00 0 
7f131f6e3000-7f131f9e1000 rw-p 00000000 00:00 0 
7f131f9e1000-7f131f9e2000 ---p 00000000 00:00 0 
7f131f9e2000-7f131fae2000 rw-p 00000000 00:00 0 
7f131fae2000-7f131fae5000 ---p 00000000 00:00 0 
7f131fae5000-7f131fbe3000 rw-p 00000000 00:00 0 
7f131fbe3000-7f131fbe6000 ---p 00000000 00:00 0 
7f131fbe6000-7f131fce4000 rw-p 00000000 00:00 0 
7f131fce4000-7f131fce7000 ---p 00000000 00:00 0 
7f131fce7000-7f131fde5000 rw-p 00000000 00:00 0 
7f131fde5000-7f131fdfc000 r-xp 00000000 08:02 7082909                    /lib/x86_64-linux-gnu/libresolv-2.27.so
7f131fdfc000-7f131fffc000 ---p 00017000 08:02 7082909                    /lib/x86_64-linux-gnu/libresolv-2.27.so
7f131fffc000-7f131fffd000 r--p 00017000 08:02 7082909                    /lib/x86_64-linux-gnu/libresolv-2.27.so
7f131fffd000-7f131fffe000 rw-p 00018000 08:02 7082909                    /lib/x86_64-linux-gnu/libresolv-2.27.so
7f131fffe000-7f1320000000 rw-p 00000000 00:00 0 
7f1320000000-7f1320712000 rw-p 00000000 00:00 0 
7f1320712000-7f1324000000 ---p 00000000 00:00 0 
7f1324000000-7f1324021000 rw-p 00000000 00:00 0 
7f1324021000-7f1328000000 ---p 00000000 00:00 0 
7f1328000000-7f1328021000 rw-p 00000000 00:00 0 
7f1328021000-7f132c000000 ---p 00000000 00:00 0 
7f132c000000-7f132c021000 rw-p 00000000 00:00 0 
7f132c021000-7f1330000000 ---p 00000000 00:00 0 
7f1330000000-7f1330021000 rw-p 00000000 00:00 0 
7f1330021000-7f1334000000 ---p 00000000 00:00 0 
7f1334000000-7f133404e000 rw-p 00000000 00:00 0 
7f133404e000-7f1338000000 ---p 00000000 00:00 0 
7f1338000000-7f1338021000 rw-p 00000000 00:00 0 
7f1338021000-7f133c000000 ---p 00000000 00:00 0 
7f133c000000-7f133c021000 rw-p 00000000 00:00 0 
7f133c021000-7f1340000000 ---p 00000000 00:00 0 
7f1340000000-7f1340021000 rw-p 00000000 00:00 0 
7f1340021000-7f1344000000 ---p 00000000 00:00 0 
7f1344054000-7f13440e9000 r--s 0110e000 08:02 5908372                    /usr/lib/jvm/java-8-oracle/jre/lib/ext/jfxrt.jar
7f13440e9000-7f13440ee000 r-xp 00000000 08:02 7082859                    /lib/x86_64-linux-gnu/libnss_dns-2.27.so
7f13440ee000-7f13442ee000 ---p 00005000 08:02 7082859                    /lib/x86_64-linux-gnu/libnss_dns-2.27.so
7f13442ee000-7f13442ef000 r--p 00005000 08:02 7082859                    /lib/x86_64-linux-gnu/libnss_dns-2.27.so
7f13442ef000-7f13442f0000 rw-p 00006000 08:02 7082859                    /lib/x86_64-linux-gnu/libnss_dns-2.27.so
7f13442f0000-7f134c000000 rw-p 00000000 00:00 0 
7f134c000000-7f134c021000 rw-p 00000000 00:00 0 
7f134c021000-7f1350000000 ---p 00000000 00:00 0 
7f1350000000-7f1350292000 rw-p 00000000 00:00 0 
7f1350292000-7f1354000000 ---p 00000000 00:00 0 
7f1354000000-7f1354021000 rw-p 00000000 00:00 0 
7f1354021000-7f1358000000 ---p 00000000 00:00 0 
7f1358000000-7f1358021000 rw-p 00000000 00:00 0 
7f1358021000-7f135c000000 ---p 00000000 00:00 0 
7f135c030000-7f135c035000 r--s 0003f000 08:02 5908379                    /usr/lib/jvm/java-8-oracle/jre/lib/ext/sunjce_provider.jar
7f135c035000-7f135c037000 r--s 00009000 08:02 5908369                    /usr/lib/jvm/java-8-oracle/jre/lib/ext/sunec.jar
7f135c037000-7f135c03a000 r--s 0001a000 08:02 5908280                    /usr/lib/jvm/java-8-oracle/jre/lib/jce.jar
7f135c03a000-7f135c041000 r--s 00000000 08:02 5903478                    /usr/lib/x86_64-linux-gnu/gconv/gconv-modules.cache
7f135c041000-7f135c062000 r--p 00000000 08:02 6690032                    /usr/share/locale-langpack/zh_CN/LC_MESSAGES/libc.mo
7f135c062000-7f135c064000 r-xp 00000000 08:02 7082867                    /lib/x86_64-linux-gnu/libnss_mdns4_minimal.so.2
7f135c064000-7f135c263000 ---p 00002000 08:02 7082867                    /lib/x86_64-linux-gnu/libnss_mdns4_minimal.so.2
7f135c263000-7f135c264000 r--p 00001000 08:02 7082867                    /lib/x86_64-linux-gnu/libnss_mdns4_minimal.so.2
7f135c264000-7f135c265000 rw-p 00002000 08:02 7082867                    /lib/x86_64-linux-gnu/libnss_mdns4_minimal.so.2
7f135c266000-7f135c26b000 r--s 002f9000 08:02 5908267                    /usr/lib/jvm/java-8-oracle/jre/lib/charsets.jar
7f135c26b000-7f135c275000 r--s 00116000 08:02 5908378                    /usr/lib/jvm/java-8-oracle/jre/lib/ext/localedata.jar
7f135c275000-7f135c291000 r--s 00393000 08:02 5908371                    /usr/lib/jvm/java-8-oracle/jre/lib/ext/cldrdata.jar
7f135c291000-7f135c296000 r--s 0009d000 08:02 5908274                    /usr/lib/jvm/java-8-oracle/jre/lib/jsse.jar
7f135c296000-7f135c2a7000 r-xp 00000000 08:02 5908493                    /usr/lib/jvm/java-8-oracle/jre/lib/amd64/libnio.so
7f135c2a7000-7f135c4a6000 ---p 00011000 08:02 5908493                    /usr/lib/jvm/java-8-oracle/jre/lib/amd64/libnio.so
7f135c4a6000-7f135c4a7000 rw-p 00010000 08:02 5908493                    /usr/lib/jvm/java-8-oracle/jre/lib/amd64/libnio.so
7f135c4a7000-7f135c4b0000 r-xp 00000000 08:02 5908498                    /usr/lib/jvm/java-8-oracle/jre/lib/amd64/libmanagement.so
7f135c4b0000-7f135c6af000 ---p 00009000 08:02 5908498                    /usr/lib/jvm/java-8-oracle/jre/lib/amd64/libmanagement.so
7f135c6af000-7f135c6b0000 rw-p 00008000 08:02 5908498                    /usr/lib/jvm/java-8-oracle/jre/lib/amd64/libmanagement.so
7f135c6b0000-7f135c6b3000 ---p 00000000 00:00 0 
7f135c6b3000-7f135c7b1000 rw-p 00000000 00:00 0 
7f135c7b1000-7f135c7b2000 ---p 00000000 00:00 0 
7f135c7b2000-7f135c7b5000 ---p 00000000 00:00 0 
7f135c7b5000-7f135c8b2000 rw-p 00000000 00:00 0 
7f135c8b2000-7f135c8b3000 ---p 00000000 00:00 0 
7f135c8b3000-7f135c8b6000 ---p 00000000 00:00 0 
7f135c8b6000-7f135f9b4000 rw-p 00000000 00:00 0 
7f135f9b4000-7f135f9ca000 r-xp 00000000 08:02 5908490                    /usr/lib/jvm/java-8-oracle/jre/lib/amd64/libnet.so
7f135f9ca000-7f135fbca000 ---p 00016000 08:02 5908490                    /usr/lib/jvm/java-8-oracle/jre/lib/amd64/libnet.so
7f135fbca000-7f135fbcb000 rw-p 00016000 08:02 5908490                    /usr/lib/jvm/java-8-oracle/jre/lib/amd64/libnet.so
7f135fbcb000-7f135fbcc000 ---p 00000000 00:00 0 
7f135fbcc000-7f135fbcf000 ---p 00000000 00:00 0 
7f135fbcf000-7f135fccc000 rw-p 00000000 00:00 0 
7f135fccc000-7f135fccd000 ---p 00000000 00:00 0 
7f135fccd000-7f135fcd0000 ---p 00000000 00:00 0 
7f135fcd0000-7f135fdcd000 rw-p 00000000 00:00 0 
7f135fdcd000-7f135fdd0000 ---p 00000000 00:00 0 
7f135fdd0000-7f135fece000 rw-p 00000000 00:00 0 
7f135fece000-7f135fed0000 r--s 0001a000 08:02 920523                     /opt/idea-IU-181.4892.42/lib/idea_rt.jar
7f135fed0000-7f135ff0c000 r--s 00290000 08:02 6435385                    /home/baymin/.m2/repository/net/bytebuddy/byte-buddy/1.7.11/byte-buddy-1.7.11.jar
7f135ff0c000-7f135ff13000 r--s 00042000 08:02 6175804                    /home/baymin/.m2/repository/org/yaml/snakeyaml/1.19/snakeyaml-1.19.jar
7f135ff13000-7f135ff15000 r--s 00004000 08:02 5794046                    /home/baymin/.m2/repository/org/springframework/spring-jcl/5.0.5.RELEASE/spring-jcl-5.0.5.RELEASE.jar
7f135ff15000-7f135ff2d000 r--s 00114000 08:02 5794037                    /home/baymin/.m2/repository/org/springframework/spring-core/5.0.5.RELEASE/spring-core-5.0.5.RELEASE.jar
7f135ff2d000-7f135ff2f000 r--s 00005000 08:02 6042272                    /home/baymin/.m2/repository/javax/annotation/javax.annotation-api/1.3.2/javax.annotation-api-1.3.2.jar
7f135ff2f000-7f135ff31000 r--s 00000000 08:02 5247893                    /home/baymin/.m2/repository/org/slf4j/jul-to-slf4j/1.7.25/jul-to-slf4j-1.7.25.jar
7f135ff31000-7f135ff37000 r--s 00039000 08:02 4472376                    /home/baymin/.m2/repository/org/apache/logging/log4j/log4j-api/2.10.0/log4j-api-2.10.0.jar
7f135ff37000-7f135ff39000 r--s 00003000 08:02 4472374                    /home/baymin/.m2/repository/org/apache/logging/log4j/log4j-to-slf4j/2.10.0/log4j-to-slf4j-2.10.0.jar
7f135ff39000-7f135ff44000 r--s 00069000 08:02 5913582                    /home/baymin/.m2/repository/ch/qos/logback/logback-core/1.2.3/logback-core-1.2.3.jar
7f135ff44000-7f135ff4a000 r--s 00041000 08:02 5913580                    /home/baymin/.m2/repository/ch/qos/logback/logback-classic/1.2.3/logback-classic-1.2.3.jar
7f135ff4a000-7f135ff4b000 r--s 00000000 08:02 5913578                    /home/baymin/.m2/repository/org/springframework/boot/spring-boot-starter-logging/2.0.1.RELEASE/spring-boot-starter-logging-2.0.1.RELEASE.jar
7f135ff4b000-7f135ff60000 r--s 000ce000 08:02 5794038                    /home/baymin/.m2/repository/org/springframework/boot/spring-boot/2.0.1.RELEASE/spring-boot-2.0.1.RELEASE.jar
7f135ff60000-7f135ff61000 r--s 00000000 08:02 5794056                    /home/baymin/.m2/repository/org/springframework/boot/spring-boot-starter/2.0.1.RELEASE/spring-boot-starter-2.0.1.RELEASE.jar
7f135ff61000-7f135ff64000 r--s 00065000 08:02 6824314                    /home/baymin/.m2/repository/io/springfox/springfox-swagger-ui/2.7.0/springfox-swagger-ui-2.7.0.jar
7f135ff64000-7f135ff66000 r--s 00003000 08:02 6824295                    /home/baymin/.m2/repository/org/mapstruct/mapstruct/1.1.0.Final/mapstruct-1.1.0.Final.jar
7f135ff66000-7f135ff68000 r--s 00000000 08:02 6824309                    /home/baymin/.m2/repository/org/springframework/plugin/spring-plugin-metadata/1.2.0.RELEASE/spring-plugin-metadata-1.2.0.RELEASE.jar
7f135ff68000-7f135ff69000 r--s 00004000 08:02 6824312                    /home/baymin/.m2/repository/org/springframework/plugin/spring-plugin-core/1.2.0.RELEASE/spring-plugin-core-1.2.0.RELEASE.jar
7f135ff69000-7f135ff6b000 r--s 0000e000 08:02 5381817                    /home/baymin/.m2/repository/com/fasterxml/classmate/1.3.4/classmate-1.3.4.jar
7f135ff6b000-7f135ff96000 r--s 001fc000 08:02 5512690                    /home/baymin/.m2/repository/com/google/guava/guava/18.0/guava-18.0.jar
7f135ff96000-7f135ff99000 r--s 0001d000 08:02 6824293                    /home/baymin/.m2/repository/org/reflections/reflections/0.9.11/reflections-0.9.11.jar
7f135ff99000-7f135ff9e000 r--s 00026000 08:02 6824316                    /home/baymin/.m2/repository/io/springfox/springfox-spring-web/2.7.0/springfox-spring-web-2.7.0.jar
7f135ff9e000-7f135ffa1000 r--s 00013000 08:02 6824302                    /home/baymin/.m2/repository/io/springfox/springfox-swagger-common/2.7.0/springfox-swagger-common-2.7.0.jar
7f135ffa1000-7f135ffa4000 r--s 00010000 08:02 6824294                    /home/baymin/.m2/repository/io/springfox/springfox-schema/2.7.0/springfox-schema-2.7.0.jar
7f135ffa4000-7f135ffa8000 r--s 00017000 08:02 6042274                    /home/baymin/.m2/repository/io/springfox/springfox-core/2.7.0/springfox-core-2.7.0.jar
7f135ffa8000-7f135ffab000 r--s 0000a000 08:02 5794039                    /home/baymin/.m2/repository/io/springfox/springfox-spi/2.7.0/springfox-spi-2.7.0.jar
7f135ffab000-7f135ffae000 r--s 0000e000 08:02 6698443                    /home/baymin/.m2/repository/com/fasterxml/jackson/core/jackson-annotations/2.9.0/jackson-annotations-2.9.0.jar
7f135ffae000-7f135ffb1000 r--s 00020000 08:02 6824307                    /home/baymin/.m2/repository/io/swagger/swagger-models/1.5.13/swagger-models-1.5.13.jar
7f135ffb1000-7f135ffb3000 r--s 00004000 08:02 6824304                    /home/baymin/.m2/repository/io/swagger/swagger-annotations/1.5.13/swagger-annotations-1.5.13.jar
7f135ffb3000-7f135ffb6000 r--s 0000d000 08:02 5794040                    /home/baymin/.m2/repository/io/springfox/springfox-swagger2/2.7.0/springfox-swagger2-2.7.0.jar
7f135ffb6000-7f135ffbb000 r--s 00034000 08:02 5247888                    /home/baymin/.m2/repository/com/google/code/gson/gson/2.8.2/gson-2.8.2.jar
7f135ffbb000-7f135ffbc000 r--s 00014000 08:02 5246849                    /home/baymin/.m2/repository/com/squareup/okio/okio/1.14.0/okio-1.14.0.jar
7f135ffbc000-7f135ffc1000 r--s 00060000 08:02 5246847                    /home/baymin/.m2/repository/com/squareup/okhttp3/okhttp/3.11.0/okhttp-3.11.0.jar
7f135ffc1000-7f135ffc3000 r--s 0000c000 08:02 6824937                    /home/baymin/.m2/repository/org/json/json/20160810/json-20160810.jar
7f135ffc3000-7f135ffc6000 r--s 00010000 08:02 6823021                    /home/baymin/.m2/repository/com/baidu/aip/java-sdk/4.4.1/java-sdk-4.4.1.jar
7f135ffc6000-7f135ffd0000 r--s 000ec000 08:02 548511                     /home/baymin/.m2/repository/mysql/mysql-connector-java/5.1.46/mysql-connector-java-5.1.46.jar
7f135ffd0000-7f135ffd2000 r--s 0000a000 08:02 5649541                    /home/baymin/.m2/repository/org/springframework/spring-aspects/5.0.5.RELEASE/spring-aspects-5.0.5.RELEASE.jar
7f135ffd2000-7f135ffd6000 r--s 0002b000 08:02 5649487                    /home/baymin/.m2/repository/org/springframework/spring-orm/5.0.5.RELEASE/spring-orm-5.0.5.RELEASE.jar
7f135ffd6000-7f135ffed000 r--s 000f0000 08:02 5511165                    /home/baymin/.m2/repository/org/springframework/data/spring-data-commons/2.0.6.RELEASE/spring-data-commons-2.0.6.RELEASE.jar
7f135ffed000-7f135fff5000 r--s 0004a000 08:02 5511260                    /home/baymin/.m2/repository/org/springframework/data/spring-data-jpa/2.0.6.RELEASE/spring-data-jpa-2.0.6.RELEASE.jar
7f135fff5000-7f135fff8000 r--s 00010000 08:02 6701628                    /home/baymin/.m2/repository/org/hibernate/common/hibernate-commons-annotations/5.0.1.Final/hibernate-commons-annotations-5.0.1.Final.jar
7f135fff8000-7f135fffd000 r--s 00048000 08:02 5386447                    /home/baymin/.m2/repository/dom4j/dom4j/1.6.1/dom4j-1.6.1.jar
7f135fffd000-7f1360000000 r--s 0002b000 08:02 6701660                    /home/baymin/.m2/repository/org/jboss/jandex/2.0.3.Final/jandex-2.0.3.Final.jar
7f1360000000-7f1360021000 rw-p 00000000 00:00 0 
7f1360021000-7f1364000000 ---p 00000000 00:00 0 
7f1364000000-7f1364021000 rw-p 00000000 00:00 0 
7f1364021000-7f1368000000 ---p 00000000 00:00 0 
7f1368000000-7f1368021000 rw-p 00000000 00:00 0 
7f1368021000-7f136c000000 ---p 00000000 00:00 0 
7f136c000000-7f136c021000 rw-p 00000000 00:00 0 
7f136c021000-7f1370000000 ---p 00000000 00:00 0 
7f1370000000-7f1370021000 rw-p 00000000 00:00 0 
7f1370021000-7f1374000000 ---p 00000000 00:00 0 
7f1374000000-7f1374002000 r--s 00006000 08:02 5648968                    /home/baymin/.m2/repository/javax/transaction/javax.transaction-api/1.2/javax.transaction-api-1.2.jar
7f1374002000-7f1374007000 r--s 00068000 08:02 5386435                    /home/baymin/.m2/repository/antlr/antlr/2.7.7/antlr-2.7.7.jar
7f1374007000-7f1374011000 r--s 000ab000 08:02 6835302                    /home/baymin/.m2/repository/org/javassist/javassist/3.22.0-GA/javassist-3.22.0-GA.jar
7f1374011000-7f1374016000 r--s 00017000 08:02 6701630                    /home/baymin/.m2/repository/org/hibernate/javax/persistence/hibernate-jpa-2.1-api/1.0.0.Final/hibernate-jpa-2.1-api-1.0.0.Final.jar
7f1374016000-7f1374093000 r--s 005ee000 08:02 6690361                    /home/baymin/.m2/repository/org/hibernate/hibernate-core/5.2.16.Final/hibernate-core-5.2.16.Final.jar
7f1374093000-7f13740ac000 r--s 001bf000 08:02 422061                     /home/baymin/.m2/repository/org/aspectj/aspectjweaver/1.8.13/aspectjweaver-1.8.13.jar
7f13740ac000-7f13740ad000 r--s 00000000 08:02 5385052                    /home/baymin/.m2/repository/org/springframework/boot/spring-boot-starter-aop/2.0.1.RELEASE/spring-boot-starter-aop-2.0.1.RELEASE.jar
7f13740ad000-7f13740ae000 r--s 00000000 08:02 5649543                    /home/baymin/.m2/repository/org/springframework/boot/spring-boot-starter-data-jpa/2.0.1.RELEASE/spring-boot-starter-data-jpa-2.0.1.RELEASE.jar
7f13740ae000-7f13740b6000 r--s 00037000 08:02 5511166                    /home/baymin/.m2/repository/org/springframework/spring-tx/5.0.5.RELEASE/spring-tx-5.0.5.RELEASE.jar
7f13740b6000-7f13740bf000 r--s 00059000 08:02 5511169                    /home/baymin/.m2/repository/org/springframework/spring-jdbc/5.0.5.RELEASE/spring-jdbc-5.0.5.RELEASE.jar
7f13740bf000-7f13740c2000 r--s 00020000 08:02 5511252                    /home/baymin/.m2/repository/com/zaxxer/HikariCP/2.7.8/HikariCP-2.7.8.jar
7f13740c2000-7f13740c3000 r--s 00000000 08:02 5511250                    /home/baymin/.m2/repository/org/springframework/boot/spring-boot-starter-jdbc/2.0.1.RELEASE/spring-boot-starter-jdbc-2.0.1.RELEASE.jar
7f13740c3000-7f13740c8000 r--s 0003f000 08:02 5913574                    /home/baymin/.m2/repository/org/springframework/spring-expression/5.0.5.RELEASE/spring-expression-5.0.5.RELEASE.jar
7f13740c8000-7f13740e2000 r--s 000f1000 08:02 5794048                    /home/baymin/.m2/repository/org/springframework/spring-context/5.0.5.RELEASE/spring-context-5.0.5.RELEASE.jar
7f13740e2000-7f13740eb000 r--s 00051000 08:02 5794052                    /home/baymin/.m2/repository/org/springframework/spring-aop/5.0.5.RELEASE/spring-aop-5.0.5.RELEASE.jar
7f13740eb000-7f13740fa000 r--s 000b2000 08:02 6435381                    /home/baymin/.m2/repository/org/springframework/spring-webmvc/5.0.5.RELEASE/spring-webmvc-5.0.5.RELEASE.jar
7f13740fa000-7f1374107000 r--s 00095000 08:02 5794044                    /home/baymin/.m2/repository/org/springframework/spring-beans/5.0.5.RELEASE/spring-beans-5.0.5.RELEASE.jar
7f1374107000-7f1374121000 r--s 00119000 08:02 6306834                    /home/baymin/.m2/repository/org/springframework/spring-web/5.0.5.RELEASE/spring-web-5.0.5.RELEASE.jar
7f1374121000-7f1374126000 r--s 00012000 08:02 6175802                    /home/baymin/.m2/repository/javax/validation/validation-api/2.0.1.Final/validation-api-2.0.1.Final.jar
7f1374126000-7f1374143000 r--s 000f8000 08:02 6698441                    /home/baymin/.m2/repository/org/hibernate/validator/hibernate-validator/6.0.9.Final/hibernate-validator-6.0.9.Final.jar
7f1374143000-7f1374148000 r--s 0003a000 08:02 4472372                    /home/baymin/.m2/repository/org/apache/tomcat/embed/tomcat-embed-websocket/8.5.29/tomcat-embed-websocket-8.5.29.jar
7f1374148000-7f137414c000 r--s 00037000 08:02 4472370                    /home/baymin/.m2/repository/org/apache/tomcat/embed/tomcat-embed-el/8.5.29/tomcat-embed-el-8.5.29.jar
7f137414c000-7f1374176000 r--s 002cc000 08:02 4472368                    /home/baymin/.m2/repository/org/apache/tomcat/embed/tomcat-embed-core/8.5.29/tomcat-embed-core-8.5.29.jar
7f1374176000-7f1374189000 r--s 00135000 08:02 6435379                    /home/baymin/.m2/repository/com/fasterxml/jackson/core/jackson-databind/2.9.5/jackson-databind-2.9.5.jar
7f1374189000-7f13741a9000 r--s 000fa000 08:02 5913584                    /home/baymin/.m2/repository/org/springframework/boot/spring-boot-autoconfigure/2.0.1.RELEASE/spring-boot-autoconfigure-2.0.1.RELEASE.jar
7f13741a9000-7f13741d0000 r--s 0027b000 08:02 5511191                    /home/baymin/.m2/repository/com/alibaba/druid/1.1.10/druid-1.1.10.jar
7f13741d0000-7f13741e5000 r--s 00161000 08:02 6824311                    /home/baymin/.m2/repository/org/projectlombok/lombok/1.16.20/lombok-1.16.20.jar
7f13741e5000-7f13741e8000 ---p 00000000 00:00 0 
7f13741e8000-7f13742e6000 rw-p 00000000 00:00 0 
7f13742e6000-7f1374d29000 r--p 00000000 08:02 5773811                    /usr/lib/locale/locale-archive
7f1374d29000-7f1374d2c000 ---p 00000000 00:00 0 
7f1374d2c000-7f1374e2a000 rw-p 00000000 00:00 0 
7f1374e2a000-7f1374e2d000 ---p 00000000 00:00 0 
7f1374e2d000-7f1374f2b000 rw-p 00000000 00:00 0 
7f1374f2b000-7f1374f2c000 ---p 00000000 00:00 0 
7f1374f2c000-7f1376b47000 rw-p 00000000 00:00 0 
7f1376b47000-7f1376d21000 r--s 03d6b000 08:02 5908269                    /usr/lib/jvm/java-8-oracle/jre/lib/rt.jar
7f1376d21000-7f1377cf2000 rw-p 00000000 00:00 0 
7f1377cf2000-7f1377cf3000 ---p 00000000 00:00 0 
7f1377cf3000-7f1377df3000 rw-p 00000000 00:00 0 
7f1377df3000-7f1377df4000 ---p 00000000 00:00 0 
7f1377df4000-7f1377ef4000 rw-p 00000000 00:00 0 
7f1377ef4000-7f1377ef5000 ---p 00000000 00:00 0 
7f1377ef5000-7f1377ff5000 rw-p 00000000 00:00 0 
7f1377ff5000-7f1377ff6000 ---p 00000000 00:00 0 
7f1377ff6000-7f13780f6000 rw-p 00000000 00:00 0 
7f13780f6000-7f13780f7000 ---p 00000000 00:00 0 
7f13780f7000-7f13781f7000 rw-p 00000000 00:00 0 
7f13781f7000-7f13781f8000 ---p 00000000 00:00 0 
7f13781f8000-7f137832e000 rw-p 00000000 00:00 0 
7f137832e000-7f137882e000 ---p 00000000 00:00 0 
7f137882e000-7f1378864000 rw-p 00000000 00:00 0 
7f1378864000-7f1378d64000 ---p 00000000 00:00 0 
7f1378d64000-7f1378f3e000 rw-p 00000000 00:00 0 
7f1378f3e000-7f1378fff000 ---p 00000000 00:00 0 
7f1378fff000-7f1379000000 rw-p 00000000 00:00 0 
7f1379000000-7f1379ad0000 rwxp 00000000 00:00 0 
7f1379ad0000-7f1388000000 ---p 00000000 00:00 0 
7f1388000000-7f13896be000 rw-p 00000000 00:00 0 
7f13896be000-7f138c000000 ---p 00000000 00:00 0 
7f138c000000-7f138c002000 r--s 0000f000 08:02 6824290                    /home/baymin/.m2/repository/org/jboss/logging/jboss-logging/3.3.2.Final/jboss-logging-3.3.2.Final.jar
7f138c002000-7f138c003000 r--s 00000000 08:02 6698431                    /home/baymin/.m2/repository/org/springframework/boot/spring-boot-starter-tomcat/2.0.1.RELEASE/spring-boot-starter-tomcat-2.0.1.RELEASE.jar
7f138c003000-7f138c005000 r--s 00001000 08:02 6698432                    /home/baymin/.m2/repository/com/fasterxml/jackson/module/jackson-module-parameter-names/2.9.5/jackson-module-parameter-names-2.9.5.jar
7f138c005000-7f138c008000 r--s 00016000 08:02 6698435                    /home/baymin/.m2/repository/com/fasterxml/jackson/datatype/jackson-datatype-jsr310/2.9.5/jackson-datatype-jsr310-2.9.5.jar
7f138c008000-7f138c00a000 r--s 00007000 08:02 6698433                    /home/baymin/.m2/repository/com/fasterxml/jackson/datatype/jackson-datatype-jdk8/2.9.5/jackson-datatype-jdk8-2.9.5.jar
7f138c00a000-7f138c00e000 r--s 0004b000 08:02 6698439                    /home/baymin/.m2/repository/com/fasterxml/jackson/core/jackson-core/2.9.5/jackson-core-2.9.5.jar
7f138c00e000-7f138c00f000 r--s 00000000 08:02 6175800                    /home/baymin/.m2/repository/org/springframework/boot/spring-boot-starter-json/2.0.1.RELEASE/spring-boot-starter-json-2.0.1.RELEASE.jar
7f138c00f000-7f138c022000 r--s 00345000 08:02 5908273                    /usr/lib/jvm/java-8-oracle/jre/lib/resources.jar
7f138c022000-7f138c035000 r--s 000d6000 08:02 5908260                    /usr/lib/jvm/java-8-oracle/jre/lib/plugin.jar
7f138c035000-7f138c0fa000 rw-p 00000000 00:00 0 
7f138c0fa000-7f138c0fb000 ---p 00000000 00:00 0 
7f138c0fb000-7f138c1fb000 rw-p 00000000 00:00 0 
7f138c1fb000-7f138c1fc000 ---p 00000000 00:00 0 
7f138c1fc000-7f138c328000 rw-p 00000000 00:00 0 
7f138c328000-7f138c6bc000 ---p 00000000 00:00 0 
7f138c6bc000-7f138c6d7000 r-xp 00000000 08:02 5908486                    /usr/lib/jvm/java-8-oracle/jre/lib/amd64/libzip.so
7f138c6d7000-7f138c8d7000 ---p 0001b000 08:02 5908486                    /usr/lib/jvm/java-8-oracle/jre/lib/amd64/libzip.so
7f138c8d7000-7f138c8d8000 rw-p 0001b000 08:02 5908486                    /usr/lib/jvm/java-8-oracle/jre/lib/amd64/libzip.so
7f138c8d8000-7f138c8e3000 r-xp 00000000 08:02 7082861                    /lib/x86_64-linux-gnu/libnss_files-2.27.so
7f138c8e3000-7f138cae2000 ---p 0000b000 08:02 7082861                    /lib/x86_64-linux-gnu/libnss_files-2.27.so
7f138cae2000-7f138cae3000 r--p 0000a000 08:02 7082861                    /lib/x86_64-linux-gnu/libnss_files-2.27.so
7f138cae3000-7f138cae4000 rw-p 0000b000 08:02 7082861                    /lib/x86_64-linux-gnu/libnss_files-2.27.so
7f138cae4000-7f138caea000 rw-p 00000000 00:00 0 
7f138caea000-7f138cb01000 r-xp 00000000 08:02 7082855                    /lib/x86_64-linux-gnu/libnsl-2.27.so
7f138cb01000-7f138cd00000 ---p 00017000 08:02 7082855                    /lib/x86_64-linux-gnu/libnsl-2.27.so
7f138cd00000-7f138cd01000 r--p 00016000 08:02 7082855                    /lib/x86_64-linux-gnu/libnsl-2.27.so
7f138cd01000-7f138cd02000 rw-p 00017000 08:02 7082855                    /lib/x86_64-linux-gnu/libnsl-2.27.so
7f138cd02000-7f138cd04000 rw-p 00000000 00:00 0 
7f138cd04000-7f138cd0f000 r-xp 00000000 08:02 7082871                    /lib/x86_64-linux-gnu/libnss_nis-2.27.so
7f138cd0f000-7f138cf0e000 ---p 0000b000 08:02 7082871                    /lib/x86_64-linux-gnu/libnss_nis-2.27.so
7f138cf0e000-7f138cf0f000 r--p 0000a000 08:02 7082871                    /lib/x86_64-linux-gnu/libnss_nis-2.27.so
7f138cf0f000-7f138cf10000 rw-p 0000b000 08:02 7082871                    /lib/x86_64-linux-gnu/libnss_nis-2.27.so
7f138cf10000-7f138cf18000 r-xp 00000000 08:02 7082857                    /lib/x86_64-linux-gnu/libnss_compat-2.27.so
7f138cf18000-7f138d118000 ---p 00008000 08:02 7082857                    /lib/x86_64-linux-gnu/libnss_compat-2.27.so
7f138d118000-7f138d119000 r--p 00008000 08:02 7082857                    /lib/x86_64-linux-gnu/libnss_compat-2.27.so
7f138d119000-7f138d11a000 rw-p 00009000 08:02 7082857                    /lib/x86_64-linux-gnu/libnss_compat-2.27.so
7f138d11a000-7f138d124000 r-xp 00000000 08:02 5908495                    /usr/lib/jvm/java-8-oracle/jre/lib/amd64/libinstrument.so
7f138d124000-7f138d323000 ---p 0000a000 08:02 5908495                    /usr/lib/jvm/java-8-oracle/jre/lib/amd64/libinstrument.so
7f138d323000-7f138d324000 rw-p 00009000 08:02 5908495                    /usr/lib/jvm/java-8-oracle/jre/lib/amd64/libinstrument.so
7f138d324000-7f138d34f000 r-xp 00000000 08:02 5908480                    /usr/lib/jvm/java-8-oracle/jre/lib/amd64/libjava.so
7f138d34f000-7f138d54e000 ---p 0002b000 08:02 5908480                    /usr/lib/jvm/java-8-oracle/jre/lib/amd64/libjava.so
7f138d54e000-7f138d550000 rw-p 0002a000 08:02 5908480                    /usr/lib/jvm/java-8-oracle/jre/lib/amd64/libjava.so
7f138d550000-7f138d55d000 r-xp 00000000 08:02 5908485                    /usr/lib/jvm/java-8-oracle/jre/lib/amd64/libverify.so
7f138d55d000-7f138d75d000 ---p 0000d000 08:02 5908485                    /usr/lib/jvm/java-8-oracle/jre/lib/amd64/libverify.so
7f138d75d000-7f138d75f000 rw-p 0000d000 08:02 5908485                    /usr/lib/jvm/java-8-oracle/jre/lib/amd64/libverify.so
7f138d75f000-7f138d766000 r-xp 00000000 08:02 7082911                    /lib/x86_64-linux-gnu/librt-2.27.so
7f138d766000-7f138d965000 ---p 00007000 08:02 7082911                    /lib/x86_64-linux-gnu/librt-2.27.so
7f138d965000-7f138d966000 r--p 00006000 08:02 7082911                    /lib/x86_64-linux-gnu/librt-2.27.so
7f138d966000-7f138d967000 rw-p 00007000 08:02 7082911                    /lib/x86_64-linux-gnu/librt-2.27.so
7f138d967000-7f138db04000 r-xp 00000000 08:02 7082834                    /lib/x86_64-linux-gnu/libm-2.27.so
7f138db04000-7f138dd03000 ---p 0019d000 08:02 7082834                    /lib/x86_64-linux-gnu/libm-2.27.so
7f138dd03000-7f138dd04000 r--p 0019c000 08:02 7082834                    /lib/x86_64-linux-gnu/libm-2.27.so
7f138dd04000-7f138dd05000 rw-p 0019d000 08:02 7082834                    /lib/x86_64-linux-gnu/libm-2.27.so
7f138dd05000-7f138e9e1000 r-xp 00000000 08:02 5908506                    /usr/lib/jvm/java-8-oracle/jre/lib/amd64/server/libjvm.so
7f138e9e1000-7f138ebe1000 ---p 00cdc000 08:02 5908506                    /usr/lib/jvm/java-8-oracle/jre/lib/amd64/server/libjvm.so
7f138ebe1000-7f138ecbb000 rw-p 00cdc000 08:02 5908506                    /usr/lib/jvm/java-8-oracle/jre/lib/amd64/server/libjvm.so
7f138ecbb000-7f138ed06000 rw-p 00000000 00:00 0 
7f138ed06000-7f138eeed000 r-xp 00000000 08:02 7082771                    /lib/x86_64-linux-gnu/libc-2.27.so
7f138eeed000-7f138f0ed000 ---p 001e7000 08:02 7082771                    /lib/x86_64-linux-gnu/libc-2.27.so
7f138f0ed000-7f138f0f1000 r--p 001e7000 08:02 7082771                    /lib/x86_64-linux-gnu/libc-2.27.so
7f138f0f1000-7f138f0f3000 rw-p 001eb000 08:02 7082771                    /lib/x86_64-linux-gnu/libc-2.27.so
7f138f0f3000-7f138f0f7000 rw-p 00000000 00:00 0 
7f138f0f7000-7f138f0fa000 r-xp 00000000 08:02 7082794                    /lib/x86_64-linux-gnu/libdl-2.27.so
7f138f0fa000-7f138f2f9000 ---p 00003000 08:02 7082794                    /lib/x86_64-linux-gnu/libdl-2.27.so
7f138f2f9000-7f138f2fa000 r--p 00002000 08:02 7082794                    /lib/x86_64-linux-gnu/libdl-2.27.so
7f138f2fa000-7f138f2fb000 rw-p 00003000 08:02 7082794                    /lib/x86_64-linux-gnu/libdl-2.27.so
7f138f2fb000-7f138f311000 r-xp 00000000 08:02 5908215                    /usr/lib/jvm/java-8-oracle/lib/amd64/jli/libjli.so
7f138f311000-7f138f510000 ---p 00016000 08:02 5908215                    /usr/lib/jvm/java-8-oracle/lib/amd64/jli/libjli.so
7f138f510000-7f138f511000 rw-p 00015000 08:02 5908215                    /usr/lib/jvm/java-8-oracle/lib/amd64/jli/libjli.so
7f138f511000-7f138f52b000 r-xp 00000000 08:02 7082903                    /lib/x86_64-linux-gnu/libpthread-2.27.so
7f138f52b000-7f138f72a000 ---p 0001a000 08:02 7082903                    /lib/x86_64-linux-gnu/libpthread-2.27.so
7f138f72a000-7f138f72b000 r--p 00019000 08:02 7082903                    /lib/x86_64-linux-gnu/libpthread-2.27.so
7f138f72b000-7f138f72c000 rw-p 0001a000 08:02 7082903                    /lib/x86_64-linux-gnu/libpthread-2.27.so
7f138f72c000-7f138f730000 rw-p 00000000 00:00 0 
7f138f730000-7f138f757000 r-xp 00000000 08:02 7082743                    /lib/x86_64-linux-gnu/ld-2.27.so
7f138f757000-7f138f758000 r--s 00000000 08:02 5643860                    /home/baymin/.m2/repository/org/springframework/boot/spring-boot-starter-web/2.0.1.RELEASE/spring-boot-starter-web-2.0.1.RELEASE.jar
7f138f758000-7f138f75a000 r--s 00009000 08:02 5247891                    /home/baymin/.m2/repository/org/slf4j/slf4j-api/1.7.25/slf4j-api-1.7.25.jar
7f138f75a000-7f138f75b000 r--s 00004000 08:02 5511189                    /home/baymin/.m2/repository/com/alibaba/druid-spring-boot-starter/1.1.10/druid-spring-boot-starter-1.1.10.jar
7f138f75b000-7f138f764000 r--s 0006f000 08:02 5247977                    /home/baymin/.m2/repository/log4j/log4j/1.2.17/log4j-1.2.17.jar
7f138f764000-7f138f769000 r--s 0009d000 08:02 5908274                    /usr/lib/jvm/java-8-oracle/jre/lib/jsse.jar
7f138f769000-7f138f76e000 r--s 00084000 08:02 5908246                    /usr/lib/jvm/java-8-oracle/jre/lib/jfr.jar
7f138f76e000-7f138f777000 r--s 0006d000 08:02 5908256                    /usr/lib/jvm/java-8-oracle/jre/lib/javaws.jar
7f138f777000-7f138f821000 rw-p 00000000 00:00 0 
7f138f821000-7f138f822000 ---p 00000000 00:00 0 
7f138f822000-7f138f825000 ---p 00000000 00:00 0 
7f138f825000-7f138f926000 rw-p 00000000 00:00 0 
7f138f926000-7f138f927000 r--s 00000000 08:02 5908253                    /usr/lib/jvm/java-8-oracle/jre/lib/management-agent.jar
7f138f927000-7f138f929000 r--s 00007000 08:02 5908282                    /usr/lib/jvm/java-8-oracle/jre/lib/jfxswt.jar
7f138f929000-7f138f92c000 r--s 0001a000 08:02 5908280                    /usr/lib/jvm/java-8-oracle/jre/lib/jce.jar
7f138f92c000-7f138f948000 r--s 0020b000 08:02 5908247                    /usr/lib/jvm/java-8-oracle/jre/lib/deploy.jar
7f138f948000-7f138f94d000 r--s 002f9000 08:02 5908267                    /usr/lib/jvm/java-8-oracle/jre/lib/charsets.jar
7f138f94d000-7f138f955000 rw-s 00000000 08:02 1846378                    /tmp/hsperfdata_baymin/5234
7f138f955000-7f138f956000 rw-p 00000000 00:00 0 
7f138f956000-7f138f957000 ---p 00000000 00:00 0 
7f138f957000-7f138f958000 r--p 00027000 08:02 7082743                    /lib/x86_64-linux-gnu/ld-2.27.so
7f138f958000-7f138f959000 rw-p 00028000 08:02 7082743                    /lib/x86_64-linux-gnu/ld-2.27.so
7f138f959000-7f138f95a000 rw-p 00000000 00:00 0 
7ffddd62a000-7ffddd64d000 rw-p 00000000 00:00 0                          [stack]
7ffddd700000-7ffddd703000 r--p 00000000 00:00 0                          [vvar]
7ffddd703000-7ffddd705000 r-xp 00000000 00:00 0                          [vdso]
ffffffffff600000-ffffffffff601000 r-xp 00000000 00:00 0                  [vsyscall]

VM Arguments:
jvm_args: -XX:TieredStopAtLevel=1 -Xverify:none -Dspring.output.ansi.enabled=always -Dcom.sun.management.jmxremote -Dcom.sun.management.jmxremote.port=35541 -Dcom.sun.management.jmxremote.authenticate=false -Dcom.sun.management.jmxremote.ssl=false -Djava.rmi.server.hostname=localhost -Dspring.liveBeansView.mbeanDomain -Dspring.application.admin.enabled=true -javaagent:/opt/idea-IU-181.4892.42/lib/idea_rt.jar=43097:/opt/idea-IU-181.4892.42/bin -Dfile.encoding=UTF-8 
java_command: com.galileoai.DemoApplication
java_class_path (initial): /usr/lib/jvm/java-8-oracle/jre/lib/charsets.jar:/usr/lib/jvm/java-8-oracle/jre/lib/deploy.jar:/usr/lib/jvm/java-8-oracle/jre/lib/ext/cldrdata.jar:/usr/lib/jvm/java-8-oracle/jre/lib/ext/dnsns.jar:/usr/lib/jvm/java-8-oracle/jre/lib/ext/jaccess.jar:/usr/lib/jvm/java-8-oracle/jre/lib/ext/jfxrt.jar:/usr/lib/jvm/java-8-oracle/jre/lib/ext/localedata.jar:/usr/lib/jvm/java-8-oracle/jre/lib/ext/nashorn.jar:/usr/lib/jvm/java-8-oracle/jre/lib/ext/sunec.jar:/usr/lib/jvm/java-8-oracle/jre/lib/ext/sunjce_provider.jar:/usr/lib/jvm/java-8-oracle/jre/lib/ext/sunpkcs11.jar:/usr/lib/jvm/java-8-oracle/jre/lib/ext/zipfs.jar:/usr/lib/jvm/java-8-oracle/jre/lib/javaws.jar:/usr/lib/jvm/java-8-oracle/jre/lib/jce.jar:/usr/lib/jvm/java-8-oracle/jre/lib/jfr.jar:/usr/lib/jvm/java-8-oracle/jre/lib/jfxswt.jar:/usr/lib/jvm/java-8-oracle/jre/lib/jsse.jar:/usr/lib/jvm/java-8-oracle/jre/lib/management-agent.jar:/usr/lib/jvm/java-8-oracle/jre/lib/plugin.jar:/usr/lib/jvm/java-8-oracle/jre/lib/resources.jar:/usr/lib/jvm/java-8-oracle/jre/lib/rt.jar:/home/baymin/workk/plate_demo/target/classes:/home/baymin/.m2/repository/log4j/log4j/1.2.17/log4j-1.2.17.jar:/home/baymin/.m2/repository/org/projectlombok/lombok/1.16.20/lombok-1.16.20.jar:/home/baymin/.m2/repository/com/alibaba/druid-spring-boot-starter/1.1.10/druid-spring-boot-starter-1.1.10.jar:/home/baymin/.m2/repository/com/alibaba/druid/1.1.10/druid-1.1.10.jar:/home/baymin/.m2/repository/org/slf4j/slf4j-api/1.7.25/slf4j-api-1.7.25.jar:/home/baymin/.m2/repository/org/springframework/boot/spring-boot-autoconfigure/2.0.1.RELEASE/spring-boot-autoconfigure-2.0.1.RELEASE.jar:/home/baymin/.m2/repository/org/springframework/boot/spring-boot-starter-web/2.0.1.RELEASE/spring-boot-starter-web-2.0.1.RELEASE.jar:/home/baymin/.m2/repository/org/springframework/boot/spring-boot-starter-json/2.0.1.RELEASE/spring-boot-starter-json-2.0.1.RELEASE.jar:/home/baymin/.m2/repository/com/fasterxml/jackson/core/jackson-databind/2.9.5/jackson-databind-2
Launcher Type: SUN_STANDARD

Environment Variables:
JAVA_HOME=/usr/lib/jvm/java-8-oracle
PATH=/home/baymin/.local/bin:/usr/local/sbin:/usr/local/bin:/usr/sbin:/usr/bin:/sbin:/bin:/usr/games:/usr/local/games:/snap/bin:/usr/lib/jvm/java-8-oracle/bin:/usr/lib/jvm/java-8-oracle/db/bin:/usr/lib/jvm/java-8-oracle/jre/bin
SHELL=/bin/zsh
DISPLAY=:0.0

Signal Handlers:
SIGSEGV: [libjvm.so+0xad2a40], sa_mask[0]=11111111011111111101111111111110, sa_flags=SA_RESTART|SA_SIGINFO
SIGBUS: [libjvm.so+0xad2a40], sa_mask[0]=11111111011111111101111111111110, sa_flags=SA_RESTART|SA_SIGINFO
SIGFPE: [libjvm.so+0x92a610], sa_mask[0]=11111111011111111101111111111110, sa_flags=SA_RESTART|SA_SIGINFO
SIGPIPE: [libjvm.so+0x92a610], sa_mask[0]=11111111011111111101111111111110, sa_flags=SA_RESTART|SA_SIGINFO
SIGXFSZ: [libjvm.so+0x92a610], sa_mask[0]=11111111011111111101111111111110, sa_flags=SA_RESTART|SA_SIGINFO
SIGILL: [libjvm.so+0x92a610], sa_mask[0]=11111111011111111101111111111110, sa_flags=SA_RESTART|SA_SIGINFO
SIGUSR1: SIG_DFL, sa_mask[0]=00000000000000000000000000000000, sa_flags=none
SIGUSR2: [libjvm.so+0x92be70], sa_mask[0]=00100000000000000000000000000000, sa_flags=SA_RESTART|SA_SIGINFO
SIGHUP: [libjvm.so+0x92d270], sa_mask[0]=11111111011111111101111111111110, sa_flags=SA_RESTART|SA_SIGINFO
SIGINT: [libjvm.so+0x92d270], sa_mask[0]=11111111011111111101111111111110, sa_flags=SA_RESTART|SA_SIGINFO
SIGTERM: [libjvm.so+0x92d270], sa_mask[0]=11111111011111111101111111111110, sa_flags=SA_RESTART|SA_SIGINFO
SIGQUIT: [libjvm.so+0x92d270], sa_mask[0]=11111111011111111101111111111110, sa_flags=SA_RESTART|SA_SIGINFO


---------------  S Y S T E M  ---------------

OS:DISTRIB_ID=Ubuntu
DISTRIB_RELEASE=18.04
DISTRIB_CODENAME=bionic
DISTRIB_DESCRIPTION="Ubuntu 18.04.1 LTS"

uname:Linux 4.15.0-34-generic #37-Ubuntu SMP Mon Aug 27 15:21:48 UTC 2018 x86_64
libc:glibc 2.27 NPTL 2.27 
rlimit: STACK 8192k, CORE 0k, NPROC 63151, NOFILE 1048576, AS infinity
load average:1.94 1.09 0.70

/proc/meminfo:
MemTotal:       16390760 kB
MemFree:          154528 kB
MemAvailable:     157164 kB
Buffers:           14948 kB
Cached:           432648 kB
SwapCached:         5832 kB
Active:         14084372 kB
Inactive:        1372820 kB
Active(anon):   13972640 kB
Inactive(anon):  1274176 kB
Active(file):     111732 kB
Inactive(file):    98644 kB
Unevictable:        2376 kB
Mlocked:            2376 kB
SwapTotal:       2097148 kB
SwapFree:              0 kB
Dirty:              1392 kB
Writeback:           432 kB
AnonPages:      15007420 kB
Mapped:           601944 kB
Shmem:            256344 kB
Slab:             231620 kB
SReclaimable:      98000 kB
SUnreclaim:       133620 kB
KernelStack:       32480 kB
PageTables:       155592 kB
NFS_Unstable:          0 kB
Bounce:                0 kB
WritebackTmp:          0 kB
CommitLimit:    10292528 kB
Committed_AS:   44657956 kB
VmallocTotal:   34359738367 kB
VmallocUsed:           0 kB
VmallocChunk:          0 kB
HardwareCorrupted:     0 kB
AnonHugePages:         0 kB
ShmemHugePages:        0 kB
ShmemPmdMapped:        0 kB
CmaTotal:              0 kB
CmaFree:               0 kB
HugePages_Total:       0
HugePages_Free:        0
HugePages_Rsvd:        0
HugePages_Surp:        0
Hugepagesize:       2048 kB
DirectMap4k:     5974272 kB
DirectMap2M:    10768384 kB
DirectMap1G:           0 kB


CPU:total 8 (initial active 8) (4 cores per cpu, 2 threads per core) family 6 model 158 stepping 9, cmov, cx8, fxsr, mmx, sse, sse2, sse3, ssse3, sse4.1, sse4.2, popcnt, avx, avx2, aes, clmul, erms, rtm, 3dnowpref, lzcnt, ht, tsc, tscinvbit, bmi1, bmi2, adx

/proc/cpuinfo:
processor	: 0
vendor_id	: GenuineIntel
cpu family	: 6
model		: 158
model name	: Intel(R) Core(TM) i7-7700 CPU @ 3.60GHz
stepping	: 9
microcode	: 0x8e
cpu MHz		: 4000.013
cache size	: 8192 KB
physical id	: 0
siblings	: 8
core id		: 0
cpu cores	: 4
apicid		: 0
initial apicid	: 0
fpu		: yes
fpu_exception	: yes
cpuid level	: 22
wp		: yes
flags		: fpu vme de pse tsc msr pae mce cx8 apic sep mtrr pge mca cmov pat pse36 clflush dts acpi mmx fxsr sse sse2 ss ht tm pbe syscall nx pdpe1gb rdtscp lm constant_tsc art arch_perfmon pebs bts rep_good nopl xtopology nonstop_tsc cpuid aperfmperf tsc_known_freq pni pclmulqdq dtes64 monitor ds_cpl vmx smx est tm2 ssse3 sdbg fma cx16 xtpr pdcm pcid sse4_1 sse4_2 x2apic movbe popcnt tsc_deadline_timer aes xsave avx f16c rdrand lahf_lm abm 3dnowprefetch cpuid_fault epb invpcid_single pti ssbd ibrs ibpb stibp tpr_shadow vnmi flexpriority ept vpid fsgsbase tsc_adjust bmi1 hle avx2 smep bmi2 erms invpcid rtm mpx rdseed adx smap clflushopt intel_pt xsaveopt xsavec xgetbv1 xsaves dtherm ida arat pln pts hwp hwp_notify hwp_act_window hwp_epp flush_l1d
bugs		: cpu_meltdown spectre_v1 spectre_v2 spec_store_bypass l1tf
bogomips	: 7200.00
clflush size	: 64
cache_alignment	: 64
address sizes	: 39 bits physical, 48 bits virtual
power management:

processor	: 1
vendor_id	: GenuineIntel
cpu family	: 6
model		: 158
model name	: Intel(R) Core(TM) i7-7700 CPU @ 3.60GHz
stepping	: 9
microcode	: 0x8e
cpu MHz		: 4000.049
cache size	: 8192 KB
physical id	: 0
siblings	: 8
core id		: 1
cpu cores	: 4
apicid		: 2
initial apicid	: 2
fpu		: yes
fpu_exception	: yes
cpuid level	: 22
wp		: yes
flags		: fpu vme de pse tsc msr pae mce cx8 apic sep mtrr pge mca cmov pat pse36 clflush dts acpi mmx fxsr sse sse2 ss ht tm pbe syscall nx pdpe1gb rdtscp lm constant_tsc art arch_perfmon pebs bts rep_good nopl xtopology nonstop_tsc cpuid aperfmperf tsc_known_freq pni pclmulqdq dtes64 monitor ds_cpl vmx smx est tm2 ssse3 sdbg fma cx16 xtpr pdcm pcid sse4_1 sse4_2 x2apic movbe popcnt tsc_deadline_timer aes xsave avx f16c rdrand lahf_lm abm 3dnowprefetch cpuid_fault epb invpcid_single pti ssbd ibrs ibpb stibp tpr_shadow vnmi flexpriority ept vpid fsgsbase tsc_adjust bmi1 hle avx2 smep bmi2 erms invpcid rtm mpx rdseed adx smap clflushopt intel_pt xsaveopt xsavec xgetbv1 xsaves dtherm ida arat pln pts hwp hwp_notify hwp_act_window hwp_epp flush_l1d
bugs		: cpu_meltdown spectre_v1 spectre_v2 spec_store_bypass l1tf
bogomips	: 7200.00
clflush size	: 64
cache_alignment	: 64
address sizes	: 39 bits physical, 48 bits virtual
power management:

processor	: 2
vendor_id	: GenuineIntel
cpu family	: 6
model		: 158
model name	: Intel(R) Core(TM) i7-7700 CPU @ 3.60GHz
stepping	: 9
microcode	: 0x8e
cpu MHz		: 4000.015
cache size	: 8192 KB
physical id	: 0
siblings	: 8
core id		: 2
cpu cores	: 4
apicid		: 4
initial apicid	: 4
fpu		: yes
fpu_exception	: yes
cpuid level	: 22
wp		: yes
flags		: fpu vme de pse tsc msr pae mce cx8 apic sep mtrr pge mca cmov pat pse36 clflush dts acpi mmx fxsr sse sse2 ss ht tm pbe syscall nx pdpe1gb rdtscp lm constant_tsc art arch_perfmon pebs bts rep_good nopl xtopology nonstop_tsc cpuid aperfmperf tsc_known_freq pni pclmulqdq dtes64 monitor ds_cpl vmx smx est tm2 ssse3 sdbg fma cx16 xtpr pdcm pcid sse4_1 sse4_2 x2apic movbe popcnt tsc_deadline_timer aes xsave avx f16c rdrand lahf_lm abm 3dnowprefetch cpuid_fault epb invpcid_single pti ssbd ibrs ibpb stibp tpr_shadow vnmi flexpriority ept vpid fsgsbase tsc_adjust bmi1 hle avx2 smep bmi2 erms invpcid rtm mpx rdseed adx smap clflushopt intel_pt xsaveopt xsavec xgetbv1 xsaves dtherm ida arat pln pts hwp hwp_notify hwp_act_window hwp_epp flush_l1d
bugs		: cpu_meltdown spectre_v1 spectre_v2 spec_store_bypass l1tf
bogomips	: 7200.00
clflush size	: 64
cache_alignment	: 64
address sizes	: 39 bits physical, 48 bits virtual
power management:

processor	: 3
vendor_id	: GenuineIntel
cpu family	: 6
model		: 158
model name	: Intel(R) Core(TM) i7-7700 CPU @ 3.60GHz
stepping	: 9
microcode	: 0x8e
cpu MHz		: 4000.046
cache size	: 8192 KB
physical id	: 0
siblings	: 8
core id		: 3
cpu cores	: 4
apicid		: 6
initial apicid	: 6
fpu		: yes
fpu_exception	: yes
cpuid level	: 22
wp		: yes
flags		: fpu vme de pse tsc msr pae mce cx8 apic sep mtrr pge mca cmov pat pse36 clflush dts acpi mmx fxsr sse sse2 ss ht tm pbe syscall nx pdpe1gb rdtscp lm constant_tsc art arch_perfmon pebs bts rep_good nopl xtopology nonstop_tsc cpuid aperfmperf tsc_known_freq pni pclmulqdq dtes64 monitor ds_cpl vmx smx est tm2 ssse3 sdbg fma cx16 xtpr pdcm pcid sse4_1 sse4_2 x2apic movbe popcnt tsc_deadline_timer aes xsave avx f16c rdrand lahf_lm abm 3dnowprefetch cpuid_fault epb invpcid_single pti ssbd ibrs ibpb stibp tpr_shadow vnmi flexpriority ept vpid fsgsbase tsc_adjust bmi1 hle avx2 smep bmi2 erms invpcid rtm mpx rdseed adx smap clflushopt intel_pt xsaveopt xsavec xgetbv1 xsaves dtherm ida arat pln pts hwp hwp_notify hwp_act_window hwp_epp flush_l1d
bugs		: cpu_meltdown spectre_v1 spectre_v2 spec_store_bypass l1tf
bogomips	: 7200.00
clflush size	: 64
cache_alignment	: 64
address sizes	: 39 bits physical, 48 bits virtual
power management:

processor	: 4
vendor_id	: GenuineIntel
cpu family	: 6
model		: 158
model name	: Intel(R) Core(TM) i7-7700 CPU @ 3.60GHz
stepping	: 9
microcode	: 0x8e
cpu MHz		: 4000.024
cache size	: 8192 KB
physical id	: 0
siblings	: 8
core id		: 0
cpu cores	: 4
apicid		: 1
initial apicid	: 1
fpu		: yes
fpu_exception	: yes
cpuid level	: 22
wp		: yes
flags		: fpu vme de pse tsc msr pae mce cx8 apic sep mtrr pge mca cmov pat pse36 clflush dts acpi mmx fxsr sse sse2 ss ht tm pbe syscall nx pdpe1gb rdtscp lm constant_tsc art arch_perfmon pebs bts rep_good nopl xtopology nonstop_tsc cpuid aperfmperf tsc_known_freq pni pclmulqdq dtes64 monitor ds_cpl vmx smx est tm2 ssse3 sdbg fma cx16 xtpr pdcm pcid sse4_1 sse4_2 x2apic movbe popcnt tsc_deadline_timer aes xsave avx f16c rdrand lahf_lm abm 3dnowprefetch cpuid_fault epb invpcid_single pti ssbd ibrs ibpb stibp tpr_shadow vnmi flexpriority ept vpid fsgsbase tsc_adjust bmi1 hle avx2 smep bmi2 erms invpcid rtm mpx rdseed adx smap clflushopt intel_pt xsaveopt xsavec xgetbv1 xsaves dtherm ida arat pln pts hwp hwp_notify hwp_act_window hwp_epp flush_l1d
bugs		: cpu_meltdown spectre_v1 spectre_v2 spec_store_bypass l1tf
bogomips	: 7200.00
clflush size	: 64
cache_alignment	: 64
address sizes	: 39 bits physical, 48 bits virtual
power management:

processor	: 5
vendor_id	: GenuineIntel
cpu family	: 6
model		: 158
model name	: Intel(R) Core(TM) i7-7700 CPU @ 3.60GHz
stepping	: 9
microcode	: 0x8e
cpu MHz		: 4000.002
cache size	: 8192 KB
physical id	: 0
siblings	: 8
core id		: 1
cpu cores	: 4
apicid		: 3
initial apicid	: 3
fpu		: yes
fpu_exception	: yes
cpuid level	: 22
wp		: yes
flags		: fpu vme de pse tsc msr pae mce cx8 apic sep mtrr pge mca cmov pat pse36 clflush dts acpi mmx fxsr sse sse2 ss ht tm pbe syscall nx pdpe1gb rdtscp lm constant_tsc art arch_perfmon pebs bts rep_good nopl xtopology nonstop_tsc cpuid aperfmperf tsc_known_freq pni pclmulqdq dtes64 monitor ds_cpl vmx smx est tm2 ssse3 sdbg fma cx16 xtpr pdcm pcid sse4_1 sse4_2 x2apic movbe popcnt tsc_deadline_timer aes xsave avx f16c rdrand lahf_lm abm 3dnowprefetch cpuid_fault epb invpcid_single pti ssbd ibrs ibpb stibp tpr_shadow vnmi flexpriority ept vpid fsgsbase tsc_adjust bmi1 hle avx2 smep bmi2 erms invpcid rtm mpx rdseed adx smap clflushopt intel_pt xsaveopt xsavec xgetbv1 xsaves dtherm ida arat pln pts hwp hwp_notify hwp_act_window hwp_epp flush_l1d
bugs		: cpu_meltdown spectre_v1 spectre_v2 spec_store_bypass l1tf
bogomips	: 7200.00
clflush size	: 64
cache_alignment	: 64
address sizes	: 39 bits physical, 48 bits virtual
power management:

processor	: 6
vendor_id	: GenuineIntel
cpu family	: 6
model		: 158
model name	: Intel(R) Core(TM) i7-7700 CPU @ 3.60GHz
stepping	: 9
microcode	: 0x8e
cpu MHz		: 3999.976
cache size	: 8192 KB
physical id	: 0
siblings	: 8
core id		: 2
cpu cores	: 4
apicid		: 5
initial apicid	: 5
fpu		: yes
fpu_exception	: yes
cpuid level	: 22
wp		: yes
flags		: fpu vme de pse tsc msr pae mce cx8 apic sep mtrr pge mca cmov pat pse36 clflush dts acpi mmx fxsr sse sse2 ss ht tm pbe syscall nx pdpe1gb rdtscp lm constant_tsc art arch_perfmon pebs bts rep_good nopl xtopology nonstop_tsc cpuid aperfmperf tsc_known_freq pni pclmulqdq dtes64 monitor ds_cpl vmx smx est tm2 ssse3 sdbg fma cx16 xtpr pdcm pcid sse4_1 sse4_2 x2apic movbe popcnt tsc_deadline_timer aes xsave avx f16c rdrand lahf_lm abm 3dnowprefetch cpuid_fault epb invpcid_single pti ssbd ibrs ibpb stibp tpr_shadow vnmi flexpriority ept vpid fsgsbase tsc_adjust bmi1 hle avx2 smep bmi2 erms invpcid rtm mpx rdseed adx smap clflushopt intel_pt xsaveopt xsavec xgetbv1 xsaves dtherm ida arat pln pts hwp hwp_notify hwp_act_window hwp_epp flush_l1d
bugs		: cpu_meltdown spectre_v1 spectre_v2 spec_store_bypass l1tf
bogomips	: 7200.00
clflush size	: 64
cache_alignment	: 64
address sizes	: 39 bits physical, 48 bits virtual
power management:

processor	: 7
vendor_id	: GenuineIntel
cpu family	: 6
model		: 158
model name	: Intel(R) Core(TM) i7-7700 CPU @ 3.60GHz
stepping	: 9
microcode	: 0x8e
cpu MHz		: 4000.113
cache size	: 8192 KB
physical id	: 0
siblings	: 8
core id		: 3
cpu cores	: 4
apicid		: 7
initial apicid	: 7
fpu		: yes
fpu_exception	: yes
cpuid level	: 22
wp		: yes
flags		: fpu vme de pse tsc msr pae mce cx8 apic sep mtrr pge mca cmov pat pse36 clflush dts acpi mmx fxsr sse sse2 ss ht tm pbe syscall nx pdpe1gb rdtscp lm constant_tsc art arch_perfmon pebs bts rep_good nopl xtopology nonstop_tsc cpuid aperfmperf tsc_known_freq pni pclmulqdq dtes64 monitor ds_cpl vmx smx est tm2 ssse3 sdbg fma cx16 xtpr pdcm pcid sse4_1 sse4_2 x2apic movbe popcnt tsc_deadline_timer aes xsave avx f16c rdrand lahf_lm abm 3dnowprefetch cpuid_fault epb invpcid_single pti ssbd ibrs ibpb stibp tpr_shadow vnmi flexpriority ept vpid fsgsbase tsc_adjust bmi1 hle avx2 smep bmi2 erms invpcid rtm mpx rdseed adx smap clflushopt intel_pt xsaveopt xsavec xgetbv1 xsaves dtherm ida arat pln pts hwp hwp_notify hwp_act_window hwp_epp flush_l1d
bugs		: cpu_meltdown spectre_v1 spectre_v2 spec_store_bypass l1tf
bogomips	: 7200.00
clflush size	: 64
cache_alignment	: 64
address sizes	: 39 bits physical, 48 bits virtual
power management:



Memory: 4k page, physical 16390760k(166336k free), swap 2097148k(0k free)

vm_info: Java HotSpot(TM) 64-Bit Server VM (25.181-b13) for linux-amd64 JRE (1.8.0_181-b13), built on Jul  7 2018 00:56:38 by "java_re" with gcc 4.3.0 20080428 (Red Hat 4.3.0-8)

time: Mon Oct  8 10:02:21 2018
elapsed time: 28 seconds (0d 0h 0m 28s)

